Replace Symbol from BQ1 Ñlock 50 MHz 50ppm in E:\BSUIR\FPGAmadness\Altium\Board\01.SchDoc with Ñlock 50 MHz 50ppm from Library.IntLib
Replace Symbol from C1 Cap_0201 in E:\BSUIR\FPGAmadness\Altium\Board\01.SchDoc with Cap_0201 from Library.IntLib
Replace Symbol from C2 Cap_0402 in E:\BSUIR\FPGAmadness\Altium\Board\01.SchDoc with Cap_0402 from Library.IntLib
Replace Symbol from C3 Cap_0201 in E:\BSUIR\FPGAmadness\Altium\Board\01.SchDoc with Cap_0201 from Library.IntLib
Replace Symbol from C4 Cap_0201 in E:\BSUIR\FPGAmadness\Altium\Board\01.SchDoc with Cap_0201 from Library.IntLib
Replace Symbol from C5 Cap_0402 in E:\BSUIR\FPGAmadness\Altium\Board\01.SchDoc with Cap_0402 from Library.IntLib
Replace Symbol from C6 Cap_0201 in E:\BSUIR\FPGAmadness\Altium\Board\01.SchDoc with Cap_0201 from Library.IntLib
Replace Symbol from C7 Cap_0201 in E:\BSUIR\FPGAmadness\Altium\Board\01.SchDoc with Cap_0201 from Library.IntLib
Replace Symbol from C8 Cap_0201 in E:\BSUIR\FPGAmadness\Altium\Board\01.SchDoc with Cap_0201 from Library.IntLib
Replace Symbol from C9 Cap_0201 in E:\BSUIR\FPGAmadness\Altium\Board\01.SchDoc with Cap_0201 from Library.IntLib
Replace Symbol from C10 Cap_0402 in E:\BSUIR\FPGAmadness\Altium\Board\01.SchDoc with Cap_0402 from Library.IntLib
Replace Symbol from C11 Cap_0402 in E:\BSUIR\FPGAmadness\Altium\Board\01.SchDoc with Cap_0402 from Library.IntLib
Replace Symbol from C12 Cap_0402 in E:\BSUIR\FPGAmadness\Altium\Board\01.SchDoc with Cap_0402 from Library.IntLib
Replace Symbol from C13 Cap_0402 in E:\BSUIR\FPGAmadness\Altium\Board\01.SchDoc with Cap_0402 from Library.IntLib
Replace Symbol from C14 Cap_0402 in E:\BSUIR\FPGAmadness\Altium\Board\01.SchDoc with Cap_0402 from Library.IntLib
Replace Symbol from C15 Cap_0402 in E:\BSUIR\FPGAmadness\Altium\Board\01.SchDoc with Cap_0402 from Library.IntLib
Replace Symbol from C16 Cap_0402 in E:\BSUIR\FPGAmadness\Altium\Board\01.SchDoc with Cap_0402 from Library.IntLib
Replace Symbol from C17 Cap_0402 in E:\BSUIR\FPGAmadness\Altium\Board\01.SchDoc with Cap_0402 from Library.IntLib
Replace Symbol from C18 Cap_0201 in E:\BSUIR\FPGAmadness\Altium\Board\01.SchDoc with Cap_0201 from Library.IntLib
Replace Symbol from C19 Cap_0201 in E:\BSUIR\FPGAmadness\Altium\Board\01.SchDoc with Cap_0201 from Library.IntLib
Replace Symbol from C20 Cap_0201 in E:\BSUIR\FPGAmadness\Altium\Board\01.SchDoc with Cap_0201 from Library.IntLib
Replace Symbol from C21 Cap_0201 in E:\BSUIR\FPGAmadness\Altium\Board\01.SchDoc with Cap_0201 from Library.IntLib
Replace Symbol from C22 Cap_0201 in E:\BSUIR\FPGAmadness\Altium\Board\01.SchDoc with Cap_0201 from Library.IntLib
Replace Symbol from C23 Cap_0603 in E:\BSUIR\FPGAmadness\Altium\Board\01.SchDoc with Cap_0603 from Library.IntLib
Replace Symbol from C24 Cap_0201 in E:\BSUIR\FPGAmadness\Altium\Board\01.SchDoc with Cap_0201 from Library.IntLib
Replace Symbol from C25 Cap_0201 in E:\BSUIR\FPGAmadness\Altium\Board\01.SchDoc with Cap_0201 from Library.IntLib
Replace Symbol from C26 Cap_0201 in E:\BSUIR\FPGAmadness\Altium\Board\01.SchDoc with Cap_0201 from Library.IntLib
Replace Symbol from C27 Cap_0201 in E:\BSUIR\FPGAmadness\Altium\Board\01.SchDoc with Cap_0201 from Library.IntLib
Replace Symbol from C28 Cap_0201 in E:\BSUIR\FPGAmadness\Altium\Board\01.SchDoc with Cap_0201 from Library.IntLib
Replace Symbol from C29 Cap_0201 in E:\BSUIR\FPGAmadness\Altium\Board\01.SchDoc with Cap_0201 from Library.IntLib
Replace Symbol from C30 Cap_0201 in E:\BSUIR\FPGAmadness\Altium\Board\01.SchDoc with Cap_0201 from Library.IntLib
Replace Symbol from C31 Cap_0201 in E:\BSUIR\FPGAmadness\Altium\Board\01.SchDoc with Cap_0201 from Library.IntLib
Replace Symbol from C32 Cap_0201 in E:\BSUIR\FPGAmadness\Altium\Board\01.SchDoc with Cap_0201 from Library.IntLib
Replace Symbol from C33 Cap_0603 in E:\BSUIR\FPGAmadness\Altium\Board\01.SchDoc with Cap_0603 from Library.IntLib
Replace Symbol from C34 Cap_0201 in E:\BSUIR\FPGAmadness\Altium\Board\01.SchDoc with Cap_0201 from Library.IntLib
Replace Symbol from C35 Cap_0201 in E:\BSUIR\FPGAmadness\Altium\Board\01.SchDoc with Cap_0201 from Library.IntLib
Replace Symbol from C36 Cap_0201 in E:\BSUIR\FPGAmadness\Altium\Board\01.SchDoc with Cap_0201 from Library.IntLib
Replace Symbol from C37 Cap_0201 in E:\BSUIR\FPGAmadness\Altium\Board\01.SchDoc with Cap_0201 from Library.IntLib
Replace Symbol from C38 Cap_0603 in E:\BSUIR\FPGAmadness\Altium\Board\01.SchDoc with Cap_0603 from Library.IntLib
Replace Symbol from DD1 16Mb serial flash M25P16-VMN6 in E:\BSUIR\FPGAmadness\Altium\Board\01.SchDoc with 16Mb serial flash M25P16-VMN6 from Library.IntLib
Replace Symbol from DD2 Accelerometer 16 pins in E:\BSUIR\FPGAmadness\Altium\Board\01.SchDoc with Accelerometer 16 pins from Library.IntLib
Replace Symbol from DD3 12-bit DAC in E:\BSUIR\FPGAmadness\Altium\Board\01.SchDoc with 12-bit DAC from Library.IntLib
Replace Symbol from DD4 SDRAM 8 MB 54 pins in E:\BSUIR\FPGAmadness\Altium\Board\01.SchDoc with SDRAM 8 MB 54 pins from Library.IntLib
Replace Symbol from DD5 MAX 10 FPGFA in E:\BSUIR\FPGAmadness\Altium\Board\01.SchDoc with MAX 10 FPGFA from Library.IntLib
Replace Symbol from DD5 MAX 10 FPGFA in E:\BSUIR\FPGAmadness\Altium\Board\01.SchDoc with MAX 10 FPGFA from Library.IntLib
Replace Symbol from DD6 Temperature sensor ADT7420 in E:\BSUIR\FPGAmadness\Altium\Board\01.SchDoc with Temperature sensor ADT7420 from Library.IntLib
Replace Symbol from J1 Jumper_J3 in E:\BSUIR\FPGAmadness\Altium\Board\01.SchDoc with Jumper_J3 from Library.IntLib
Replace Symbol from J2 Jumper_J9 in E:\BSUIR\FPGAmadness\Altium\Board\01.SchDoc with Jumper_J9 from Library.IntLib
Replace Symbol from J3 Jumper_J1 in E:\BSUIR\FPGAmadness\Altium\Board\01.SchDoc with Jumper_J1 from Library.IntLib
Replace Symbol from L1 Inductor in E:\BSUIR\FPGAmadness\Altium\Board\01.SchDoc with Inductor from Library.IntLib
Replace Symbol from L2 Inductor in E:\BSUIR\FPGAmadness\Altium\Board\01.SchDoc with Inductor from Library.IntLib
Replace Symbol from L3 Inductor in E:\BSUIR\FPGAmadness\Altium\Board\01.SchDoc with Inductor from Library.IntLib
Replace Symbol from L4 Inductor in E:\BSUIR\FPGAmadness\Altium\Board\01.SchDoc with Inductor from Library.IntLib
Replace Symbol from L5 Inductor in E:\BSUIR\FPGAmadness\Altium\Board\01.SchDoc with Inductor from Library.IntLib
Replace Symbol from R1 Res_0402 in E:\BSUIR\FPGAmadness\Altium\Board\01.SchDoc with Res_0402 from Library.IntLib
Replace Symbol from R2 Res_0402 in E:\BSUIR\FPGAmadness\Altium\Board\01.SchDoc with Res_0402 from Library.IntLib
Replace Symbol from R3 Res_0402 in E:\BSUIR\FPGAmadness\Altium\Board\01.SchDoc with Res_0402 from Library.IntLib
Replace Symbol from R4 Res_0402 in E:\BSUIR\FPGAmadness\Altium\Board\01.SchDoc with Res_0402 from Library.IntLib
Replace Symbol from R5 Res_0603 in E:\BSUIR\FPGAmadness\Altium\Board\01.SchDoc with Res_0603 from Library.IntLib
Replace Symbol from R6 Res_0603 in E:\BSUIR\FPGAmadness\Altium\Board\01.SchDoc with Res_0603 from Library.IntLib
Replace Symbol from R7 Res_0603 in E:\BSUIR\FPGAmadness\Altium\Board\01.SchDoc with Res_0603 from Library.IntLib
Replace Symbol from R8 Res_0603 in E:\BSUIR\FPGAmadness\Altium\Board\01.SchDoc with Res_0603 from Library.IntLib
Replace Symbol from R9 Res_0603 in E:\BSUIR\FPGAmadness\Altium\Board\01.SchDoc with Res_0603 from Library.IntLib
Replace Symbol from R10 Res_0603 in E:\BSUIR\FPGAmadness\Altium\Board\01.SchDoc with Res_0603 from Library.IntLib
Replace Symbol from R11 Res_0603 in E:\BSUIR\FPGAmadness\Altium\Board\01.SchDoc with Res_0603 from Library.IntLib
Replace Symbol from R12 Res_0603 in E:\BSUIR\FPGAmadness\Altium\Board\01.SchDoc with Res_0603 from Library.IntLib
Replace Symbol from R13 Res_0402 in E:\BSUIR\FPGAmadness\Altium\Board\01.SchDoc with Res_0402 from Library.IntLib
Replace Symbol from R14 Res_0402 in E:\BSUIR\FPGAmadness\Altium\Board\01.SchDoc with Res_0402 from Library.IntLib
Replace Symbol from R15 Res_0402 in E:\BSUIR\FPGAmadness\Altium\Board\01.SchDoc with Res_0402 from Library.IntLib
Replace Symbol from R16 Res_0402 in E:\BSUIR\FPGAmadness\Altium\Board\01.SchDoc with Res_0402 from Library.IntLib
Replace Symbol from R17 Res_0402 in E:\BSUIR\FPGAmadness\Altium\Board\01.SchDoc with Res_0402 from Library.IntLib
Replace Symbol from R18 Res_0402 in E:\BSUIR\FPGAmadness\Altium\Board\01.SchDoc with Res_0402 from Library.IntLib
Replace Symbol from R19 Res_0402 in E:\BSUIR\FPGAmadness\Altium\Board\01.SchDoc with Res_0402 from Library.IntLib
Replace Symbol from R20 Res_0402 in E:\BSUIR\FPGAmadness\Altium\Board\01.SchDoc with Res_0402 from Library.IntLib
Replace Symbol from R21 Res_0402 in E:\BSUIR\FPGAmadness\Altium\Board\01.SchDoc with Res_0402 from Library.IntLib
Replace Symbol from R22 Res_0402 in E:\BSUIR\FPGAmadness\Altium\Board\01.SchDoc with Res_0402 from Library.IntLib
Replace Symbol from R23 Res_0402 in E:\BSUIR\FPGAmadness\Altium\Board\01.SchDoc with Res_0402 from Library.IntLib
Replace Symbol from R24 Res_0402 in E:\BSUIR\FPGAmadness\Altium\Board\01.SchDoc with Res_0402 from Library.IntLib
Replace Symbol from R25 Res_0402 in E:\BSUIR\FPGAmadness\Altium\Board\01.SchDoc with Res_0402 from Library.IntLib
Replace Symbol from R26 Res_0402 in E:\BSUIR\FPGAmadness\Altium\Board\01.SchDoc with Res_0402 from Library.IntLib
Replace Symbol from R27 Res_Thermistor in E:\BSUIR\FPGAmadness\Altium\Board\01.SchDoc with Res_Thermistor from Library.IntLib
Replace Symbol from R28 Res_0402 in E:\BSUIR\FPGAmadness\Altium\Board\01.SchDoc with Res_0402 from Library.IntLib
Replace Symbol from SB1 Button in E:\BSUIR\FPGAmadness\Altium\Board\01.SchDoc with Button from Library.IntLib
Replace Symbol from SB2 Button in E:\BSUIR\FPGAmadness\Altium\Board\01.SchDoc with Button from Library.IntLib
Replace Symbol from SB3 Button in E:\BSUIR\FPGAmadness\Altium\Board\01.SchDoc with Button from Library.IntLib
Replace Symbol from SB4 Button in E:\BSUIR\FPGAmadness\Altium\Board\01.SchDoc with Button from Library.IntLib
Replace Symbol from TP1 Testpoint in E:\BSUIR\FPGAmadness\Altium\Board\01.SchDoc with Testpoint from Library.IntLib
Replace Symbol from TP2 Testpoint in E:\BSUIR\FPGAmadness\Altium\Board\01.SchDoc with Testpoint from Library.IntLib
Replace Symbol from TP3 Testpoint in E:\BSUIR\FPGAmadness\Altium\Board\01.SchDoc with Testpoint from Library.IntLib
Replace Symbol from VD1 LED_green in E:\BSUIR\FPGAmadness\Altium\Board\01.SchDoc with LED_green from Library.IntLib
Replace Symbol from VD2 LED_green in E:\BSUIR\FPGAmadness\Altium\Board\01.SchDoc with LED_green from Library.IntLib
Replace Symbol from VD3 LED_green in E:\BSUIR\FPGAmadness\Altium\Board\01.SchDoc with LED_green from Library.IntLib
Replace Symbol from VD4 LED_green in E:\BSUIR\FPGAmadness\Altium\Board\01.SchDoc with LED_green from Library.IntLib
Replace Symbol from VD5 LED_green in E:\BSUIR\FPGAmadness\Altium\Board\01.SchDoc with LED_green from Library.IntLib
Replace Symbol from VD6 LED_green in E:\BSUIR\FPGAmadness\Altium\Board\01.SchDoc with LED_green from Library.IntLib
Replace Symbol from VD7 LED_green in E:\BSUIR\FPGAmadness\Altium\Board\01.SchDoc with LED_green from Library.IntLib
Replace Symbol from VD8 LED_green in E:\BSUIR\FPGAmadness\Altium\Board\01.SchDoc with LED_green from Library.IntLib
Replace Symbol from VD9 Diode Adjustable Shunt Regulator (U14) in E:\BSUIR\FPGAmadness\Altium\Board\01.SchDoc with Diode Adjustable Shunt Regulator (U14) from Library.IntLib
Replace Symbol from XP1 80-pin edge connector (J2) in E:\BSUIR\FPGAmadness\Altium\Board\01.SchDoc with 80-pin edge connector (J2) from Library.IntLib
Replace Symbol from XP1 80-pin edge connector (J2) in E:\BSUIR\FPGAmadness\Altium\Board\01.SchDoc with 80-pin edge connector (J2) from Library.IntLib
Replace Symbol from XP2 2x20 pin headers (J4) in E:\BSUIR\FPGAmadness\Altium\Board\01.SchDoc with 2x20 pin headers (J4) from Library.IntLib
Replace Symbol from XP3 2x20 pin headers (J5) in E:\BSUIR\FPGAmadness\Altium\Board\01.SchDoc with 2x20 pin headers (J5) from Library.IntLib
Replace Symbol from XS1 Ñonnector  PMOD Female Header in E:\BSUIR\FPGAmadness\Altium\Board\01.SchDoc with Ñonnector  PMOD Female Header from Library.IntLib
Replace Symbol from XS2 Ñonnector  PMOD Female Header in E:\BSUIR\FPGAmadness\Altium\Board\01.SchDoc with Ñonnector  PMOD Female Header from Library.IntLib
