Replace Symbol from BQ2 Clock 24 MHz 50ppm DNI in E:\BSUIR\FPGAmadness\Altium\Board\02.SchDoc with Clock 24 MHz 50ppm DNI from Library.IntLib
Replace Symbol from C39 Cap_0603 in E:\BSUIR\FPGAmadness\Altium\Board\02.SchDoc with Cap_0603 from Library.IntLib
Replace Symbol from C40 Cap_0805 in E:\BSUIR\FPGAmadness\Altium\Board\02.SchDoc with Cap_0805 from Library.IntLib
Replace Symbol from C41 Cap_0603 in E:\BSUIR\FPGAmadness\Altium\Board\02.SchDoc with Cap_0603 from Library.IntLib
Replace Symbol from C42 Cap_0201 in E:\BSUIR\FPGAmadness\Altium\Board\02.SchDoc with Cap_0201 from Library.IntLib
Replace Symbol from C43 Cap_0603 in E:\BSUIR\FPGAmadness\Altium\Board\02.SchDoc with Cap_0603 from Library.IntLib
Replace Symbol from C44 Cap_0603 in E:\BSUIR\FPGAmadness\Altium\Board\02.SchDoc with Cap_0603 from Library.IntLib
Replace Symbol from C45 Cap_0201 in E:\BSUIR\FPGAmadness\Altium\Board\02.SchDoc with Cap_0201 from Library.IntLib
Replace Symbol from C46 Cap_0201 in E:\BSUIR\FPGAmadness\Altium\Board\02.SchDoc with Cap_0201 from Library.IntLib
Replace Symbol from C47 Cap_0603 in E:\BSUIR\FPGAmadness\Altium\Board\02.SchDoc with Cap_0603 from Library.IntLib
Replace Symbol from C48 Cap_0201 in E:\BSUIR\FPGAmadness\Altium\Board\02.SchDoc with Cap_0201 from Library.IntLib
Replace Symbol from C49 Cap_0201 in E:\BSUIR\FPGAmadness\Altium\Board\02.SchDoc with Cap_0201 from Library.IntLib
Replace Symbol from C50 Cap_0201 in E:\BSUIR\FPGAmadness\Altium\Board\02.SchDoc with Cap_0201 from Library.IntLib
Replace Symbol from C51 Cap_0201 in E:\BSUIR\FPGAmadness\Altium\Board\02.SchDoc with Cap_0201 from Library.IntLib
Replace Symbol from C52 Cap_0201 in E:\BSUIR\FPGAmadness\Altium\Board\02.SchDoc with Cap_0201 from Library.IntLib
Replace Symbol from C53 Cap_0201 in E:\BSUIR\FPGAmadness\Altium\Board\02.SchDoc with Cap_0201 from Library.IntLib
Replace Symbol from C54 Cap_0201 in E:\BSUIR\FPGAmadness\Altium\Board\02.SchDoc with Cap_0201 from Library.IntLib
Replace Symbol from C55 Cap_0201 in E:\BSUIR\FPGAmadness\Altium\Board\02.SchDoc with Cap_0201 from Library.IntLib
Replace Symbol from C56 Cap_0201 in E:\BSUIR\FPGAmadness\Altium\Board\02.SchDoc with Cap_0201 from Library.IntLib
Replace Symbol from C57 Cap_0201 in E:\BSUIR\FPGAmadness\Altium\Board\02.SchDoc with Cap_0201 from Library.IntLib
Replace Symbol from C58 Cap_0201 in E:\BSUIR\FPGAmadness\Altium\Board\02.SchDoc with Cap_0201 from Library.IntLib
Replace Symbol from C59 Cap_0201 in E:\BSUIR\FPGAmadness\Altium\Board\02.SchDoc with Cap_0201 from Library.IntLib
Replace Symbol from C60 Cap_0201 in E:\BSUIR\FPGAmadness\Altium\Board\02.SchDoc with Cap_0201 from Library.IntLib
Replace Symbol from C61 Cap_0201 in E:\BSUIR\FPGAmadness\Altium\Board\02.SchDoc with Cap_0201 from Library.IntLib
Replace Symbol from C62 Cap_0201 in E:\BSUIR\FPGAmadness\Altium\Board\02.SchDoc with Cap_0201 from Library.IntLib
Replace Symbol from C63 Cap_0201 in E:\BSUIR\FPGAmadness\Altium\Board\02.SchDoc with Cap_0201 from Library.IntLib
Replace Symbol from C64 Cap_0201 in E:\BSUIR\FPGAmadness\Altium\Board\02.SchDoc with Cap_0201 from Library.IntLib
Replace Symbol from C65 Cap_0805 in E:\BSUIR\FPGAmadness\Altium\Board\02.SchDoc with Cap_0805 from Library.IntLib
Replace Symbol from C66 Cap_0603 in E:\BSUIR\FPGAmadness\Altium\Board\02.SchDoc with Cap_0603 from Library.IntLib
Replace Symbol from C67 Cap_0603 in E:\BSUIR\FPGAmadness\Altium\Board\02.SchDoc with Cap_0603 from Library.IntLib
Replace Symbol from C68 Cap_0805 in E:\BSUIR\FPGAmadness\Altium\Board\02.SchDoc with Cap_0805 from Library.IntLib
Replace Symbol from C69 Cap_0805 in E:\BSUIR\FPGAmadness\Altium\Board\02.SchDoc with Cap_0805 from Library.IntLib
Replace Symbol from C70 Cap_0201 in E:\BSUIR\FPGAmadness\Altium\Board\02.SchDoc with Cap_0201 from Library.IntLib
Replace Symbol from C71 Cap_0201 in E:\BSUIR\FPGAmadness\Altium\Board\02.SchDoc with Cap_0201 from Library.IntLib
Replace Symbol from C72 Cap_0201 in E:\BSUIR\FPGAmadness\Altium\Board\02.SchDoc with Cap_0201 from Library.IntLib
Replace Symbol from C73 Cap_0201 in E:\BSUIR\FPGAmadness\Altium\Board\02.SchDoc with Cap_0201 from Library.IntLib
Replace Symbol from C74 Cap_0201 in E:\BSUIR\FPGAmadness\Altium\Board\02.SchDoc with Cap_0201 from Library.IntLib
Replace Symbol from C75 Cap_0201 in E:\BSUIR\FPGAmadness\Altium\Board\02.SchDoc with Cap_0201 from Library.IntLib
Replace Symbol from C76 Cap_0402 in E:\BSUIR\FPGAmadness\Altium\Board\02.SchDoc with Cap_0402 from Library.IntLib
Replace Symbol from C77 Cap_0402 in E:\BSUIR\FPGAmadness\Altium\Board\02.SchDoc with Cap_0402 from Library.IntLib
Replace Symbol from C78 Cap_0603 in E:\BSUIR\FPGAmadness\Altium\Board\02.SchDoc with Cap_0603 from Library.IntLib
Replace Symbol from C79 Cap_0603 in E:\BSUIR\FPGAmadness\Altium\Board\02.SchDoc with Cap_0603 from Library.IntLib
Replace Symbol from C80 Cap_0603 in E:\BSUIR\FPGAmadness\Altium\Board\02.SchDoc with Cap_0603 from Library.IntLib
Replace Symbol from C81 Cap_0201 in E:\BSUIR\FPGAmadness\Altium\Board\02.SchDoc with Cap_0201 from Library.IntLib
Replace Symbol from C82 Cap_0201 in E:\BSUIR\FPGAmadness\Altium\Board\02.SchDoc with Cap_0201 from Library.IntLib
Replace Symbol from C83 Cap_0603 in E:\BSUIR\FPGAmadness\Altium\Board\02.SchDoc with Cap_0603 from Library.IntLib
Replace Symbol from C84 Cap_0201 in E:\BSUIR\FPGAmadness\Altium\Board\02.SchDoc with Cap_0201 from Library.IntLib
Replace Symbol from C85 Cap_0201 in E:\BSUIR\FPGAmadness\Altium\Board\02.SchDoc with Cap_0201 from Library.IntLib
Replace Symbol from C86 Cap_0603 in E:\BSUIR\FPGAmadness\Altium\Board\02.SchDoc with Cap_0603 from Library.IntLib
Replace Symbol from C87 Cap_0201 in E:\BSUIR\FPGAmadness\Altium\Board\02.SchDoc with Cap_0201 from Library.IntLib
Replace Symbol from C88 Cap_0603 in E:\BSUIR\FPGAmadness\Altium\Board\02.SchDoc with Cap_0603 from Library.IntLib
Replace Symbol from C89 Cap_0603 in E:\BSUIR\FPGAmadness\Altium\Board\02.SchDoc with Cap_0603 from Library.IntLib
Replace Symbol from C90 Cap_0402 in E:\BSUIR\FPGAmadness\Altium\Board\02.SchDoc with Cap_0402 from Library.IntLib
Replace Symbol from C91 Cap_0603 in E:\BSUIR\FPGAmadness\Altium\Board\02.SchDoc with Cap_0603 from Library.IntLib
Replace Symbol from C92 Cap_0201 in E:\BSUIR\FPGAmadness\Altium\Board\02.SchDoc with Cap_0201 from Library.IntLib
Replace Symbol from C93 Cap_0201 in E:\BSUIR\FPGAmadness\Altium\Board\02.SchDoc with Cap_0201 from Library.IntLib
Replace Symbol from C94 Cap_0603 in E:\BSUIR\FPGAmadness\Altium\Board\02.SchDoc with Cap_0603 from Library.IntLib
Replace Symbol from C95 Cap_0201 in E:\BSUIR\FPGAmadness\Altium\Board\02.SchDoc with Cap_0201 from Library.IntLib
Replace Symbol from C96 Cap_0201 in E:\BSUIR\FPGAmadness\Altium\Board\02.SchDoc with Cap_0201 from Library.IntLib
Replace Symbol from DD5 MAX 10 FPGFA in E:\BSUIR\FPGAmadness\Altium\Board\02.SchDoc with MAX 10 FPGFA from Library.IntLib
Replace Symbol from DD7 Enpirion Power Supply, Vout 3.3V  - 24 pin in E:\BSUIR\FPGAmadness\Altium\Board\02.SchDoc with Enpirion Power Supply, Vout 3.3V  - 24 pin from Library.IntLib
Replace Symbol from DD8 Enpirion Power Supply, Vout 2.5V, 1.8V, 1.5V in E:\BSUIR\FPGAmadness\Altium\Board\02.SchDoc with Enpirion Power Supply, Vout 2.5V, 1.8V, 1.5V from Library.IntLib
Replace Symbol from DD9 Enpirion Power Supply, Vout 2.5V, 1.8V, 1.5V in E:\BSUIR\FPGAmadness\Altium\Board\02.SchDoc with Enpirion Power Supply, Vout 2.5V, 1.8V, 1.5V from Library.IntLib
Replace Symbol from DD10 Enpirion Power Supply, Vout 2.5V, 1.8V, 1.5V in E:\BSUIR\FPGAmadness\Altium\Board\02.SchDoc with Enpirion Power Supply, Vout 2.5V, 1.8V, 1.5V from Library.IntLib
Replace Symbol from DD11 ESD for USB Bluster in E:\BSUIR\FPGAmadness\Altium\Board\02.SchDoc with ESD for USB Bluster from Library.IntLib
Replace Symbol from DD12 MAX V 5M80ZE64 in E:\BSUIR\FPGAmadness\Altium\Board\02.SchDoc with MAX V 5M80ZE64 from Library.IntLib
Replace Symbol from DD13 FT240XQ FTDI for USB Bluster 24 pin in E:\BSUIR\FPGAmadness\Altium\Board\02.SchDoc with FT240XQ FTDI for USB Bluster 24 pin from Library.IntLib
Replace Symbol from DD14 ESD for USB Bluster in E:\BSUIR\FPGAmadness\Altium\Board\02.SchDoc with ESD for USB Bluster from Library.IntLib
Replace Symbol from L6 Inductor in E:\BSUIR\FPGAmadness\Altium\Board\02.SchDoc with Inductor from Library.IntLib
Replace Symbol from R29 Res_0402 in E:\BSUIR\FPGAmadness\Altium\Board\02.SchDoc with Res_0402 from Library.IntLib
Replace Symbol from R30 Res_0402 in E:\BSUIR\FPGAmadness\Altium\Board\02.SchDoc with Res_0402 from Library.IntLib
Replace Symbol from R31 Res_0402 in E:\BSUIR\FPGAmadness\Altium\Board\02.SchDoc with Res_0402 from Library.IntLib
Replace Symbol from R32 Res_0402 in E:\BSUIR\FPGAmadness\Altium\Board\02.SchDoc with Res_0402 from Library.IntLib
Replace Symbol from R33 Res_0402 in E:\BSUIR\FPGAmadness\Altium\Board\02.SchDoc with Res_0402 from Library.IntLib
Replace Symbol from R34 Res_0402 in E:\BSUIR\FPGAmadness\Altium\Board\02.SchDoc with Res_0402 from Library.IntLib
Replace Symbol from R35 Res_0402 in E:\BSUIR\FPGAmadness\Altium\Board\02.SchDoc with Res_0402 from Library.IntLib
Replace Symbol from R36 Res_0402 in E:\BSUIR\FPGAmadness\Altium\Board\02.SchDoc with Res_0402 from Library.IntLib
Replace Symbol from R37 Res_0402 in E:\BSUIR\FPGAmadness\Altium\Board\02.SchDoc with Res_0402 from Library.IntLib
Replace Symbol from R38 Res_0402 in E:\BSUIR\FPGAmadness\Altium\Board\02.SchDoc with Res_0402 from Library.IntLib
Replace Symbol from R39 Res_0402 in E:\BSUIR\FPGAmadness\Altium\Board\02.SchDoc with Res_0402 from Library.IntLib
Replace Symbol from R40 Res_0402 in E:\BSUIR\FPGAmadness\Altium\Board\02.SchDoc with Res_0402 from Library.IntLib
Replace Symbol from R41 Res_0402 in E:\BSUIR\FPGAmadness\Altium\Board\02.SchDoc with Res_0402 from Library.IntLib
Replace Symbol from R42 Res_0402 in E:\BSUIR\FPGAmadness\Altium\Board\02.SchDoc with Res_0402 from Library.IntLib
Replace Symbol from R43 Res_0402 in E:\BSUIR\FPGAmadness\Altium\Board\02.SchDoc with Res_0402 from Library.IntLib
Replace Symbol from R44 Res_Thermistor in E:\BSUIR\FPGAmadness\Altium\Board\02.SchDoc with Res_Thermistor from Library.IntLib
Replace Symbol from R45 Res_Photoresistor in E:\BSUIR\FPGAmadness\Altium\Board\02.SchDoc with Res_Photoresistor from Library.IntLib
Replace Symbol from R46 Res_0402 in E:\BSUIR\FPGAmadness\Altium\Board\02.SchDoc with Res_0402 from Library.IntLib
Replace Symbol from R47 Res_0402 in E:\BSUIR\FPGAmadness\Altium\Board\02.SchDoc with Res_0402 from Library.IntLib
Replace Symbol from R48 Res_0402 in E:\BSUIR\FPGAmadness\Altium\Board\02.SchDoc with Res_0402 from Library.IntLib
Replace Symbol from R49 Res_0402 in E:\BSUIR\FPGAmadness\Altium\Board\02.SchDoc with Res_0402 from Library.IntLib
Replace Symbol from R50 Res_0402 in E:\BSUIR\FPGAmadness\Altium\Board\02.SchDoc with Res_0402 from Library.IntLib
Replace Symbol from R51 Res_0402 in E:\BSUIR\FPGAmadness\Altium\Board\02.SchDoc with Res_0402 from Library.IntLib
Replace Symbol from R52 Res_0402 in E:\BSUIR\FPGAmadness\Altium\Board\02.SchDoc with Res_0402 from Library.IntLib
Replace Symbol from R53 Res_0402 in E:\BSUIR\FPGAmadness\Altium\Board\02.SchDoc with Res_0402 from Library.IntLib
Replace Symbol from R54 Res_0402 in E:\BSUIR\FPGAmadness\Altium\Board\02.SchDoc with Res_0402 from Library.IntLib
Replace Symbol from R55 Res_0402 in E:\BSUIR\FPGAmadness\Altium\Board\02.SchDoc with Res_0402 from Library.IntLib
Replace Symbol from R56 Res_0402 in E:\BSUIR\FPGAmadness\Altium\Board\02.SchDoc with Res_0402 from Library.IntLib
Replace Symbol from R57 Res_0402 in E:\BSUIR\FPGAmadness\Altium\Board\02.SchDoc with Res_0402 from Library.IntLib
Replace Symbol from R58 Res_0402 in E:\BSUIR\FPGAmadness\Altium\Board\02.SchDoc with Res_0402 from Library.IntLib
Replace Symbol from R59 Res_0402 in E:\BSUIR\FPGAmadness\Altium\Board\02.SchDoc with Res_0402 from Library.IntLib
Replace Symbol from R60 Res_0402 in E:\BSUIR\FPGAmadness\Altium\Board\02.SchDoc with Res_0402 from Library.IntLib
Replace Symbol from R61 Res_0402 in E:\BSUIR\FPGAmadness\Altium\Board\02.SchDoc with Res_0402 from Library.IntLib
Replace Symbol from R62 Res_0402 in E:\BSUIR\FPGAmadness\Altium\Board\02.SchDoc with Res_0402 from Library.IntLib
Replace Symbol from R63 Res_0402 in E:\BSUIR\FPGAmadness\Altium\Board\02.SchDoc with Res_0402 from Library.IntLib
Replace Symbol from R64 Res_0402 in E:\BSUIR\FPGAmadness\Altium\Board\02.SchDoc with Res_0402 from Library.IntLib
Replace Symbol from R65 Res_0603 in E:\BSUIR\FPGAmadness\Altium\Board\02.SchDoc with Res_0603 from Library.IntLib
Replace Symbol from R66 Res_0603 in E:\BSUIR\FPGAmadness\Altium\Board\02.SchDoc with Res_0603 from Library.IntLib
Replace Symbol from R67 Res_0603 in E:\BSUIR\FPGAmadness\Altium\Board\02.SchDoc with Res_0603 from Library.IntLib
Replace Symbol from R68 Res_0402 in E:\BSUIR\FPGAmadness\Altium\Board\02.SchDoc with Res_0402 from Library.IntLib
Replace Symbol from R69 Res_0402 in E:\BSUIR\FPGAmadness\Altium\Board\02.SchDoc with Res_0402 from Library.IntLib
Replace Symbol from R70 Res_0402 in E:\BSUIR\FPGAmadness\Altium\Board\02.SchDoc with Res_0402 from Library.IntLib
Replace Symbol from R71 Res_0402 in E:\BSUIR\FPGAmadness\Altium\Board\02.SchDoc with Res_0402 from Library.IntLib
Replace Symbol from R72 Res_0402 in E:\BSUIR\FPGAmadness\Altium\Board\02.SchDoc with Res_0402 from Library.IntLib
Replace Symbol from R73 Res_0402 in E:\BSUIR\FPGAmadness\Altium\Board\02.SchDoc with Res_0402 from Library.IntLib
Replace Symbol from R74 Res_0402 in E:\BSUIR\FPGAmadness\Altium\Board\02.SchDoc with Res_0402 from Library.IntLib
Replace Symbol from R75 Res_0402 in E:\BSUIR\FPGAmadness\Altium\Board\02.SchDoc with Res_0402 from Library.IntLib
Replace Symbol from TP4 Testpoint in E:\BSUIR\FPGAmadness\Altium\Board\02.SchDoc with Testpoint from Library.IntLib
Replace Symbol from TP5 Testpoint in E:\BSUIR\FPGAmadness\Altium\Board\02.SchDoc with Testpoint from Library.IntLib
Replace Symbol from TP6 Testpoint in E:\BSUIR\FPGAmadness\Altium\Board\02.SchDoc with Testpoint from Library.IntLib
Replace Symbol from TP7 Testpoint in E:\BSUIR\FPGAmadness\Altium\Board\02.SchDoc with Testpoint from Library.IntLib
Replace Symbol from TP8 Testpoint in E:\BSUIR\FPGAmadness\Altium\Board\02.SchDoc with Testpoint from Library.IntLib
Replace Symbol from TP9 Testpoint in E:\BSUIR\FPGAmadness\Altium\Board\02.SchDoc with Testpoint from Library.IntLib
Replace Symbol from TP10 Testpoint in E:\BSUIR\FPGAmadness\Altium\Board\02.SchDoc with Testpoint from Library.IntLib
Replace Symbol from TP11 Testpoint in E:\BSUIR\FPGAmadness\Altium\Board\02.SchDoc with Testpoint from Library.IntLib
Replace Symbol from TP12 Testpoint in E:\BSUIR\FPGAmadness\Altium\Board\02.SchDoc with Testpoint from Library.IntLib
Replace Symbol from TP13 Testpoint in E:\BSUIR\FPGAmadness\Altium\Board\02.SchDoc with Testpoint from Library.IntLib
Replace Symbol from TP14 Testpoint in E:\BSUIR\FPGAmadness\Altium\Board\02.SchDoc with Testpoint from Library.IntLib
Replace Symbol from TP15 Testpoint in E:\BSUIR\FPGAmadness\Altium\Board\02.SchDoc with Testpoint from Library.IntLib
Replace Symbol from TP16 Testpoint in E:\BSUIR\FPGAmadness\Altium\Board\02.SchDoc with Testpoint from Library.IntLib
Replace Symbol from VD10 Diode_SMA (D13, D15) in E:\BSUIR\FPGAmadness\Altium\Board\02.SchDoc with Diode_SMA (D13, D15) from Library.IntLib
Replace Symbol from VD11 LED_green in E:\BSUIR\FPGAmadness\Altium\Board\02.SchDoc with LED_green from Library.IntLib
Replace Symbol from VD12 LED_green in E:\BSUIR\FPGAmadness\Altium\Board\02.SchDoc with LED_green from Library.IntLib
Replace Symbol from VD13 Diode (D9) in E:\BSUIR\FPGAmadness\Altium\Board\02.SchDoc with Diode (D9) from Library.IntLib
Replace Symbol from VD14 Diode_SMA (D13, D15) in E:\BSUIR\FPGAmadness\Altium\Board\02.SchDoc with Diode_SMA (D13, D15) from Library.IntLib
Replace Symbol from VD15 Diode (D9) in E:\BSUIR\FPGAmadness\Altium\Board\02.SchDoc with Diode (D9) from Library.IntLib
Replace Symbol from VD16 LED_red in E:\BSUIR\FPGAmadness\Altium\Board\02.SchDoc with LED_red from Library.IntLib
Replace Symbol from XP4 Jumper_J11 in E:\BSUIR\FPGAmadness\Altium\Board\02.SchDoc with Jumper_J11 from Library.IntLib
Replace Symbol from XS3 JTAG connection to MAX V  (J6) in E:\BSUIR\FPGAmadness\Altium\Board\02.SchDoc with JTAG connection to MAX V  (J6) from Library.IntLib
Replace Symbol from XS4 Power Jack  (J10) in E:\BSUIR\FPGAmadness\Altium\Board\02.SchDoc with Power Jack  (J10) from Library.IntLib
Replace Symbol from XS5 Mini USB connector 9pins (J8) in E:\BSUIR\FPGAmadness\Altium\Board\02.SchDoc with Mini USB connector 9pins (J8) from Library.IntLib
Replace Symbol from XS6 Edge connector for USB-Blaster output  (J7) in E:\BSUIR\FPGAmadness\Altium\Board\02.SchDoc with Edge connector for USB-Blaster output  (J7) from Library.IntLib
