Added Component: Designator=TP1(TP)
Add component. Clean all parameters for all variants
Added Component: Designator=TP2(TP)
Add component. Clean all parameters for all variants
Added Component: Designator=TP3(TP)
Add component. Clean all parameters for all variants
Added Component: Designator=TP4(TP)
Add component. Clean all parameters for all variants
Added Component: Designator=TP5(TP)
Add component. Clean all parameters for all variants
Added Component: Designator=TP6(TP)
Add component. Clean all parameters for all variants
Added Component: Designator=TP7(TP)
Add component. Clean all parameters for all variants
Added Component: Designator=TP8(TP)
Add component. Clean all parameters for all variants
Added Component: Designator=TP9(TP)
Add component. Clean all parameters for all variants
Added Component: Designator=TP10(TP)
Add component. Clean all parameters for all variants
Added Component: Designator=TP11(TP)
Add component. Clean all parameters for all variants
Added Component: Designator=TP12(TP)
Add component. Clean all parameters for all variants
Added Component: Designator=TP13(TP)
Add component. Clean all parameters for all variants
Added Component: Designator=TP14(TP)
Add component. Clean all parameters for all variants
Added Component: Designator=TP15(TP)
Add component. Clean all parameters for all variants
Added Component: Designator=TP16(TP)
Add component. Clean all parameters for all variants
Added Net: Name=AD5681R_LDACn
Added Net: Name=AD5681R_RSTn
Added Net: Name=AD5681R_SCL
Added Net: Name=AD5681R_SDA
Added Net: Name=AD5681R_SYNCn
Added Net: Name=ADC_IN1
Added Net: Name=ADC_IN2
Added Pin To Net: NetName=ADC_IN3 Pin=TP8-1
Added Net: Name=ADC_IN3
Added Pin To Net: NetName=ADC_IN4 Pin=TP9-1
Added Net: Name=ADC_IN4
Added Pin To Net: NetName=ADC_IN5 Pin=TP10-1
Added Net: Name=ADC_IN5
Added Pin To Net: NetName=ADC_IN6 Pin=TP11-1
Added Net: Name=ADC_IN6
Added Net: Name=ADT7420_CT
Added Net: Name=ADT7420_INT
Added Net: Name=ADT7420_SCL
Added Net: Name=ADT7420_SDA
Added Net: Name=ADXL362_CS
Added Net: Name=ADXL362_INT1
Added Net: Name=ADXL362_INT2
Added Net: Name=ADXL362_MISO
Added Net: Name=ADXL362_MOSI
Added Net: Name=ADXL362_SCLK
Added Net: Name=Analog1
Added Net: Name=Analog2
Added Net: Name=Analog3
Added Net: Name=Analog4
Added Net: Name=Analog5
Added Net: Name=Analog6
Added Net: Name=blaster_D0
Added Net: Name=blaster_D1
Added Net: Name=blaster_D2
Added Net: Name=blaster_D3
Added Net: Name=blaster_D4
Added Net: Name=blaster_D5
Added Net: Name=blaster_D6
Added Net: Name=blaster_D7
Added Net: Name=blaster_RD#
Added Net: Name=blaster_RXF#
Added Net: Name=blaster_TXE#
Added Net: Name=blaster_WR
Added Net: Name=CBUS5
Added Net: Name=CBUS6
Added Net: Name=CLK_24MHZ
Added Net: Name=CPLD_TCK
Added Net: Name=CPLD_TDI
Added Net: Name=CPLD_TDO
Added Net: Name=CPLD_TMS
Added Net: Name=DIFF_RX_0+
Added Net: Name=DIFF_RX_0-
Added Net: Name=DIFF_RX_1+
Added Net: Name=DIFF_RX_1-
Added Net: Name=DIFF_RX_2+
Added Net: Name=DIFF_RX_2-
Added Net: Name=DIFF_RX_3+
Added Net: Name=DIFF_RX_3-
Added Net: Name=DIFF_RX_4+
Added Net: Name=DIFF_RX_4-
Added Net: Name=DIFF_RX_5+
Added Net: Name=DIFF_RX_5-
Added Net: Name=DIFF_RX_6+
Added Net: Name=DIFF_RX_6-
Added Net: Name=DIFF_RX_7+
Added Net: Name=DIFF_RX_7-
Added Net: Name=DIFF_RX_8+
Added Net: Name=DIFF_RX_8-
Added Net: Name=DIFF_RX_9+
Added Net: Name=DIFF_RX_9-
Added Net: Name=DIFF_RX_A+
Added Net: Name=DIFF_RX_A-
Added Net: Name=DIFF_RX_B+
Added Net: Name=DIFF_RX_B-
Added Net: Name=EG_P1
Added Net: Name=EG_P2
Added Net: Name=EG_P3
Added Net: Name=EG_P4
Added Net: Name=EG_P5
Added Net: Name=EG_P6
Added Net: Name=EG_P7
Added Net: Name=EG_P8
Added Net: Name=EG_P9
Added Net: Name=EG_P10
Added Net: Name=EG_P11
Added Net: Name=EG_P12
Added Net: Name=EG_P13
Added Net: Name=EG_P14
Added Net: Name=EG_P15
Added Net: Name=EG_P16
Added Net: Name=EG_P17
Added Net: Name=EG_P18
Added Net: Name=EG_P19
Added Net: Name=EG_P20
Added Net: Name=EG_P21
Added Net: Name=EG_P22
Added Net: Name=EG_P23
Added Net: Name=EG_P24
Added Net: Name=EG_P25
Added Net: Name=EG_P26
Added Net: Name=EG_P27
Added Net: Name=EG_P28
Added Net: Name=EG_P29
Added Net: Name=EG_P35
Added Net: Name=EG_P36
Added Net: Name=EG_P37
Added Net: Name=EG_P38
Added Net: Name=EG_P39
Added Net: Name=EG_P40
Added Net: Name=EG_P41
Added Net: Name=EG_P42
Added Net: Name=EG_P43
Added Net: Name=EG_P44
Added Net: Name=EG_P45
Added Net: Name=EG_P46
Added Net: Name=EG_P47
Added Net: Name=EG_P48
Added Net: Name=EG_P49
Added Net: Name=EG_P50
Added Net: Name=EG_P51
Added Net: Name=EG_P52
Added Net: Name=EG_P53
Added Net: Name=EG_P54
Added Net: Name=EG_P55
Added Net: Name=EG_P56
Added Net: Name=EG_P57
Added Net: Name=EG_P58
Added Net: Name=EG_P59
Added Net: Name=EG_P60
Added Net: Name=EXP_PRESENT
Added Net: Name=F_ASDI
Added Net: Name=F_CSn
Added Net: Name=F_DATA
Added Net: Name=F_DCLK
Added Net: Name=FPGA_CLK_50MHZ
Added Net: Name=FPGA_TCK
Added Net: Name=FPGA_TDI
Added Net: Name=FPGA_TDO
Added Net: Name=FPGA_TMS
Added Net: Name=FT240_RST#
Added Pin To Net: NetName=GND Pin=TP12-1
Added Net: Name=GND
Added Net: Name=GPIO_01
Added Net: Name=GPIO_02
Added Net: Name=GPIO_03
Added Net: Name=GPIO_04
Added Net: Name=GPIO_05
Added Net: Name=GPIO_06
Added Net: Name=GPIO_07
Added Net: Name=GPIO_08
Added Net: Name=GPIO_09
Added Net: Name=GPIO_10
Added Net: Name=GPIO_11
Added Net: Name=GPIO_12
Added Net: Name=GPIO_A
Added Net: Name=GPIO_B
Added Net: Name=I2C_SCL
Added Net: Name=I2C_SDA
Added Net: Name=LVDS_TX_0+
Added Net: Name=LVDS_TX_0-
Added Net: Name=LVDS_TX_1+
Added Net: Name=LVDS_TX_1-
Added Net: Name=LVDS_TX_2+
Added Net: Name=LVDS_TX_2-
Added Net: Name=LVDS_TX_3+
Added Net: Name=LVDS_TX_3-
Added Net: Name=LVDS_TX_4+
Added Net: Name=LVDS_TX_4-
Added Net: Name=LVDS_TX_5+
Added Net: Name=LVDS_TX_5-
Added Net: Name=LVDS_TX_6+
Added Net: Name=LVDS_TX_6-
Added Net: Name=LVDS_TX_7+
Added Net: Name=LVDS_TX_7-
Added Net: Name=LVDS_TX_8+
Added Net: Name=LVDS_TX_8-
Added Net: Name=LVDS_TX_9+
Added Net: Name=LVDS_TX_9-
Added Net: Name=LVDS_TX_A+
Added Net: Name=LVDS_TX_A-
Added Net: Name=LVDS_TX_B+
Added Net: Name=LVDS_TX_B-
Added Net: Name=NetC12_2
Added Pin To Net: NetName=NetC13_2 Pin=TP2-1
Added Net: Name=NetC13_2
Added Net: Name=NetC26_2
Added Net: Name=NetC28_2
Added Net: Name=NetC35_2
Added Net: Name=NetC36_2
Added Net: Name=NetC37_2
Added Net: Name=NetC64_1
Added Net: Name=NetC80_2
Added Net: Name=NetC96_2
Added Pin To Net: NetName=NetDD3_10 Pin=TP1-1
Added Net: Name=NetDD3_10
Added Net: Name=NetDD5_F7
Added Net: Name=NetDD5_F8
Added Net: Name=NetDD5_F9
Added Net: Name=NetDD5_G2
Added Net: Name=NetDD5_G9
Added Net: Name=NetDD5_H9
Added Net: Name=NetDD5_H10
Added Net: Name=NetDD5_K9
Added Net: Name=NetDD7_17
Added Net: Name=NetDD8_10
Added Net: Name=NetDD9_4
Added Net: Name=NetDD9_9
Added Net: Name=NetDD10_4
Added Net: Name=NetDD10_9
Added Net: Name=NetDD11_1
Added Net: Name=NetDD11_2
Added Net: Name=NetDD12_4
Added Net: Name=NetDD12_39
Added Net: Name=NetDD12_49
Added Net: Name=NetDD12_50
Added Net: Name=NetDD13_15
Added Net: Name=NetJ1_1
Added Net: Name=NetJ1_3
Added Net: Name=NetR5_1
Added Net: Name=NetR6_1
Added Net: Name=NetR7_1
Added Net: Name=NetR8_1
Added Net: Name=NetR9_1
Added Net: Name=NetR10_1
Added Net: Name=NetR11_1
Added Net: Name=NetR12_1
Added Net: Name=NetR26_1
Added Net: Name=NetR44_2
Added Net: Name=NetR45_2
Added Net: Name=NetR65_1
Added Net: Name=NetR66_1
Added Net: Name=NetR67_2
Added Net: Name=NetR68_2
Added Net: Name=NetVD10_2
Added Net: Name=PB1
Added Net: Name=PB2
Added Net: Name=PB3
Added Net: Name=PB4
Added Net: Name=photo
Added Net: Name=PMOD_A_1
Added Net: Name=PMOD_A_2
Added Net: Name=PMOD_A_3
Added Net: Name=PMOD_A_4
Added Net: Name=PMOD_B_1
Added Net: Name=PMOD_B_2
Added Net: Name=PMOD_B_3
Added Net: Name=PMOD_B_4
Added Net: Name=PMOD_C_1
Added Net: Name=PMOD_C_2
Added Net: Name=PMOD_C_3
Added Net: Name=PMOD_C_4
Added Net: Name=PMOD_D_1
Added Net: Name=PMOD_D_2
Added Net: Name=PMOD_D_3
Added Net: Name=PMOD_D_4
Added Net: Name=RESET_EXP#
Added Net: Name=SDRAM_A0
Added Net: Name=SDRAM_A1
Added Net: Name=SDRAM_A2
Added Net: Name=SDRAM_A3
Added Net: Name=SDRAM_A4
Added Net: Name=SDRAM_A5
Added Net: Name=SDRAM_A6
Added Net: Name=SDRAM_A7
Added Net: Name=SDRAM_A8
Added Net: Name=SDRAM_A9
Added Net: Name=SDRAM_A10
Added Net: Name=SDRAM_A11
Added Net: Name=SDRAM_A12
Added Net: Name=SDRAM_BA0
Added Net: Name=SDRAM_BA1
Added Net: Name=SDRAM_CASn
Added Net: Name=SDRAM_CKE
Added Net: Name=SDRAM_CLK
Added Net: Name=SDRAM_CSn
Added Net: Name=SDRAM_DQ0
Added Net: Name=SDRAM_DQ1
Added Net: Name=SDRAM_DQ2
Added Net: Name=SDRAM_DQ3
Added Net: Name=SDRAM_DQ4
Added Net: Name=SDRAM_DQ5
Added Net: Name=SDRAM_DQ6
Added Net: Name=SDRAM_DQ7
Added Net: Name=SDRAM_DQ8
Added Net: Name=SDRAM_DQ9
Added Net: Name=SDRAM_DQ10
Added Net: Name=SDRAM_DQ11
Added Net: Name=SDRAM_DQ12
Added Net: Name=SDRAM_DQ13
Added Net: Name=SDRAM_DQ14
Added Net: Name=SDRAM_DQ15
Added Net: Name=SDRAM_DQMH
Added Net: Name=SDRAM_DQML
Added Net: Name=SDRAM_RASn
Added Net: Name=SDRAM_WEn
Added Net: Name=thermal
Added Net: Name=USB_ASDO
Added Net: Name=USB_Blaster_HP
Added Net: Name=USB_Blaster_Power
Added Net: Name=USB_NCE
Added Net: Name=USB_NCS
Added Net: Name=USB_TCK
Added Net: Name=USB_TDI
Added Net: Name=USB_TDO
Added Pin To Net: NetName=USB_TEST0 Pin=TP13-1
Added Net: Name=USB_TEST0
Added Pin To Net: NetName=USB_TEST1 Pin=TP14-1
Added Net: Name=USB_TEST1
Added Pin To Net: NetName=USB_TEST2 Pin=TP15-1
Added Net: Name=USB_TEST2
Added Pin To Net: NetName=USB_TEST3 Pin=TP16-1
Added Net: Name=USB_TEST3
Added Net: Name=USB_TMS
Added Net: Name=USB_VCCIO
Added Net: Name=USER_LED1
Added Net: Name=USER_LED2
Added Net: Name=USER_LED3
Added Net: Name=USER_LED4
Added Net: Name=USER_LED5
Added Net: Name=USER_LED6
Added Net: Name=USER_LED7
Added Net: Name=USER_LED8
Added Pin To Net: NetName=VCC1P2 Pin=TP4-1
Added Net: Name=VCC1P2
Added Pin To Net: NetName=VCC1P8 Pin=TP6-1
Added Net: Name=VCC1P8
Added Pin To Net: NetName=VCC2P5 Pin=TP7-1
Added Net: Name=VCC2P5
Added Pin To Net: NetName=VCC3P3 Pin=TP5-1
Added Net: Name=VCC3P3
Added Net: Name=VCC5P0
Added Net: Name=VCC_USB_5P0
Added Pin To Net: NetName=VCCIO_power Pin=TP3-1
Added Net: Name=VCCIO_power
Added Net: Name=VCCIO_sdram
Added Net: Name=Vz
Added Class: Name=01
Added Class: Name=02
Added Room: Name=01
Added Room: Name=02
