Added Component: Designator=C1(CAPC0603X03L)
Add component. Clean all parameters for all variants
Add component (AddParameter): Name = "Value"; Value = ""; VariantName = "[No Variations]"
Added Component: Designator=C2(CAPC1005X06L)
Add component. Clean all parameters for all variants
Add component (AddParameter): Name = "Value"; Value = ""; VariantName = "[No Variations]"
Added Component: Designator=C3(CAPC0603X03L)
Add component. Clean all parameters for all variants
Add component (AddParameter): Name = "Value"; Value = ""; VariantName = "[No Variations]"
Added Component: Designator=C4(CAPC0603X03L)
Add component. Clean all parameters for all variants
Add component (AddParameter): Name = "Value"; Value = ""; VariantName = "[No Variations]"
Added Component: Designator=C5(CAPC1005X06L)
Add component. Clean all parameters for all variants
Add component (AddParameter): Name = "Value"; Value = ""; VariantName = "[No Variations]"
Added Component: Designator=C6(CAPC0603X03L)
Add component. Clean all parameters for all variants
Add component (AddParameter): Name = "Value"; Value = ""; VariantName = "[No Variations]"
Added Component: Designator=C7(CAPC0603X03L)
Add component. Clean all parameters for all variants
Add component (AddParameter): Name = "Value"; Value = ""; VariantName = "[No Variations]"
Added Component: Designator=C8(CAPC0603X03L)
Add component. Clean all parameters for all variants
Add component (AddParameter): Name = "Value"; Value = ""; VariantName = "[No Variations]"
Added Component: Designator=C9(CAPC0603X03L)
Add component. Clean all parameters for all variants
Add component (AddParameter): Name = "Value"; Value = ""; VariantName = "[No Variations]"
Added Component: Designator=C10(CAPC1005X06L)
Add component. Clean all parameters for all variants
Add component (AddParameter): Name = "Value"; Value = ""; VariantName = "[No Variations]"
Added Component: Designator=C11(CAPC1005X06L)
Add component. Clean all parameters for all variants
Add component (AddParameter): Name = "Value"; Value = ""; VariantName = "[No Variations]"
Added Component: Designator=C12(CAPC1005X06L)
Add component. Clean all parameters for all variants
Add component (AddParameter): Name = "Value"; Value = ""; VariantName = "[No Variations]"
Added Component: Designator=C13(CAPC1005X06L)
Add component. Clean all parameters for all variants
Add component (AddParameter): Name = "Value"; Value = ""; VariantName = "[No Variations]"
Added Component: Designator=C14(CAPC1005X06L)
Add component. Clean all parameters for all variants
Add component (AddParameter): Name = "Value"; Value = ""; VariantName = "[No Variations]"
Added Component: Designator=C15(CAPC1005X06L)
Add component. Clean all parameters for all variants
Add component (AddParameter): Name = "Value"; Value = ""; VariantName = "[No Variations]"
Added Component: Designator=C16(CAPC1005X06L)
Add component. Clean all parameters for all variants
Add component (AddParameter): Name = "Value"; Value = ""; VariantName = "[No Variations]"
Added Component: Designator=C17(CAPC1005X06L)
Add component. Clean all parameters for all variants
Add component (AddParameter): Name = "Value"; Value = ""; VariantName = "[No Variations]"
Added Component: Designator=C18(CAPC0603X03L)
Add component. Clean all parameters for all variants
Add component (AddParameter): Name = "Value"; Value = ""; VariantName = "[No Variations]"
Added Component: Designator=C19(CAPC0603X03L)
Add component. Clean all parameters for all variants
Add component (AddParameter): Name = "Value"; Value = ""; VariantName = "[No Variations]"
Added Component: Designator=C20(CAPC0603X03L)
Add component. Clean all parameters for all variants
Add component (AddParameter): Name = "Value"; Value = ""; VariantName = "[No Variations]"
Added Component: Designator=C21(CAPC0603X03L)
Add component. Clean all parameters for all variants
Add component (AddParameter): Name = "Value"; Value = ""; VariantName = "[No Variations]"
Added Component: Designator=C22(CAPC0603X03L)
Add component. Clean all parameters for all variants
Add component (AddParameter): Name = "Value"; Value = ""; VariantName = "[No Variations]"
Added Component: Designator=C23(CAPC1608X08L)
Add component. Clean all parameters for all variants
Add component (AddParameter): Name = "Value"; Value = ""; VariantName = "[No Variations]"
Added Component: Designator=C24(CAPC0603X03L)
Add component. Clean all parameters for all variants
Add component (AddParameter): Name = "Value"; Value = ""; VariantName = "[No Variations]"
Added Component: Designator=C25(CAPC0603X03L)
Add component. Clean all parameters for all variants
Add component (AddParameter): Name = "Value"; Value = ""; VariantName = "[No Variations]"
Added Component: Designator=C26(CAPC0603X03L)
Add component. Clean all parameters for all variants
Add component (AddParameter): Name = "Value"; Value = ""; VariantName = "[No Variations]"
Added Component: Designator=C27(CAPC0603X03L)
Add component. Clean all parameters for all variants
Add component (AddParameter): Name = "Value"; Value = ""; VariantName = "[No Variations]"
Added Component: Designator=C28(CAPC0603X03L)
Add component. Clean all parameters for all variants
Add component (AddParameter): Name = "Value"; Value = ""; VariantName = "[No Variations]"
Added Component: Designator=C29(CAPC0603X03L)
Add component. Clean all parameters for all variants
Add component (AddParameter): Name = "Value"; Value = ""; VariantName = "[No Variations]"
Added Component: Designator=C30(CAPC0603X03L)
Add component. Clean all parameters for all variants
Add component (AddParameter): Name = "Value"; Value = ""; VariantName = "[No Variations]"
Added Component: Designator=C31(CAPC0603X03L)
Add component. Clean all parameters for all variants
Add component (AddParameter): Name = "Value"; Value = ""; VariantName = "[No Variations]"
Added Component: Designator=C32(CAPC0603X03L)
Add component. Clean all parameters for all variants
Add component (AddParameter): Name = "Value"; Value = ""; VariantName = "[No Variations]"
Added Component: Designator=C33(CAPC1608X08L)
Add component. Clean all parameters for all variants
Add component (AddParameter): Name = "Value"; Value = ""; VariantName = "[No Variations]"
Added Component: Designator=C34(CAPC0603X03L)
Add component. Clean all parameters for all variants
Add component (AddParameter): Name = "Value"; Value = ""; VariantName = "[No Variations]"
Added Component: Designator=C35(CAPC0603X03L)
Add component. Clean all parameters for all variants
Add component (AddParameter): Name = "Value"; Value = ""; VariantName = "[No Variations]"
Added Component: Designator=C36(CAPC0603X03L)
Add component. Clean all parameters for all variants
Add component (AddParameter): Name = "Value"; Value = ""; VariantName = "[No Variations]"
Added Component: Designator=C37(CAPC0603X03L)
Add component. Clean all parameters for all variants
Add component (AddParameter): Name = "Value"; Value = ""; VariantName = "[No Variations]"
Added Component: Designator=C38(CAPC1608X08L)
Add component. Clean all parameters for all variants
Add component (AddParameter): Name = "Value"; Value = ""; VariantName = "[No Variations]"
Added Component: Designator=C39(CAPC1608X08L)
Add component. Clean all parameters for all variants
Add component (AddParameter): Name = "Value"; Value = ""; VariantName = "[No Variations]"
Added Component: Designator=C41(CAPC1608X08L)
Add component. Clean all parameters for all variants
Add component (AddParameter): Name = "Value"; Value = ""; VariantName = "[No Variations]"
Added Component: Designator=C42(CAPC0603X03L)
Add component. Clean all parameters for all variants
Add component (AddParameter): Name = "Value"; Value = ""; VariantName = "[No Variations]"
Added Component: Designator=C43(CAPC1608X08L)
Add component. Clean all parameters for all variants
Add component (AddParameter): Name = "Value"; Value = ""; VariantName = "[No Variations]"
Added Component: Designator=C44(CAPC1608X08L)
Add component. Clean all parameters for all variants
Add component (AddParameter): Name = "Value"; Value = ""; VariantName = "[No Variations]"
Added Component: Designator=C45(CAPC0603X03L)
Add component. Clean all parameters for all variants
Add component (AddParameter): Name = "Value"; Value = ""; VariantName = "[No Variations]"
Added Component: Designator=C46(CAPC0603X03L)
Add component. Clean all parameters for all variants
Add component (AddParameter): Name = "Value"; Value = ""; VariantName = "[No Variations]"
Added Component: Designator=C47(CAPC1608X08L)
Add component. Clean all parameters for all variants
Add component (AddParameter): Name = "Value"; Value = ""; VariantName = "[No Variations]"
Added Component: Designator=C48(CAPC0603X03L)
Add component. Clean all parameters for all variants
Add component (AddParameter): Name = "Value"; Value = ""; VariantName = "[No Variations]"
Added Component: Designator=C49(CAPC0603X03L)
Add component. Clean all parameters for all variants
Add component (AddParameter): Name = "Value"; Value = ""; VariantName = "[No Variations]"
Added Component: Designator=C50(CAPC0603X03L)
Add component. Clean all parameters for all variants
Add component (AddParameter): Name = "Value"; Value = ""; VariantName = "[No Variations]"
Added Component: Designator=C51(CAPC0603X03L)
Add component. Clean all parameters for all variants
Add component (AddParameter): Name = "Value"; Value = ""; VariantName = "[No Variations]"
Added Component: Designator=C52(CAPC0603X03L)
Add component. Clean all parameters for all variants
Add component (AddParameter): Name = "Value"; Value = ""; VariantName = "[No Variations]"
Added Component: Designator=C53(CAPC0603X03L)
Add component. Clean all parameters for all variants
Add component (AddParameter): Name = "Value"; Value = ""; VariantName = "[No Variations]"
Added Component: Designator=C54(CAPC0603X03L)
Add component. Clean all parameters for all variants
Add component (AddParameter): Name = "Value"; Value = ""; VariantName = "[No Variations]"
Added Component: Designator=C55(CAPC0603X03L)
Add component. Clean all parameters for all variants
Add component (AddParameter): Name = "Value"; Value = ""; VariantName = "[No Variations]"
Added Component: Designator=C56(CAPC0603X03L)
Add component. Clean all parameters for all variants
Add component (AddParameter): Name = "Value"; Value = ""; VariantName = "[No Variations]"
Added Component: Designator=C57(CAPC0603X03L)
Add component. Clean all parameters for all variants
Add component (AddParameter): Name = "Value"; Value = ""; VariantName = "[No Variations]"
Added Component: Designator=C58(CAPC0603X03L)
Add component. Clean all parameters for all variants
Add component (AddParameter): Name = "Value"; Value = ""; VariantName = "[No Variations]"
Added Component: Designator=C59(CAPC0603X03L)
Add component. Clean all parameters for all variants
Add component (AddParameter): Name = "Value"; Value = ""; VariantName = "[No Variations]"
Added Component: Designator=C60(CAPC0603X03L)
Add component. Clean all parameters for all variants
Add component (AddParameter): Name = "Value"; Value = ""; VariantName = "[No Variations]"
Added Component: Designator=C61(CAPC0603X03L)
Add component. Clean all parameters for all variants
Add component (AddParameter): Name = "Value"; Value = ""; VariantName = "[No Variations]"
Added Component: Designator=C62(CAPC0603X03L)
Add component. Clean all parameters for all variants
Add component (AddParameter): Name = "Value"; Value = ""; VariantName = "[No Variations]"
Added Component: Designator=C63(CAPC0603X03L)
Add component. Clean all parameters for all variants
Add component (AddParameter): Name = "Value"; Value = ""; VariantName = "[No Variations]"
Added Component: Designator=C64(CAPC0603X03L)
Add component. Clean all parameters for all variants
Add component (AddParameter): Name = "Value"; Value = ""; VariantName = "[No Variations]"
Added Component: Designator=C66(CAPC1608X08L)
Add component. Clean all parameters for all variants
Add component (AddParameter): Name = "Value"; Value = ""; VariantName = "[No Variations]"
Added Component: Designator=C67(CAPC1608X08L)
Add component. Clean all parameters for all variants
Add component (AddParameter): Name = "Value"; Value = ""; VariantName = "[No Variations]"
Added Component: Designator=C70(CAPC0603X03L)
Add component. Clean all parameters for all variants
Add component (AddParameter): Name = "Value"; Value = ""; VariantName = "[No Variations]"
Added Component: Designator=C71(CAPC0603X03L)
Add component. Clean all parameters for all variants
Add component (AddParameter): Name = "Value"; Value = ""; VariantName = "[No Variations]"
Added Component: Designator=C72(CAPC0603X03L)
Add component. Clean all parameters for all variants
Add component (AddParameter): Name = "Value"; Value = ""; VariantName = "[No Variations]"
Added Component: Designator=C73(CAPC0603X03L)
Add component. Clean all parameters for all variants
Add component (AddParameter): Name = "Value"; Value = ""; VariantName = "[No Variations]"
Added Component: Designator=C74(CAPC0603X03L)
Add component. Clean all parameters for all variants
Add component (AddParameter): Name = "Value"; Value = ""; VariantName = "[No Variations]"
Added Component: Designator=C75(CAPC0603X03L)
Add component. Clean all parameters for all variants
Add component (AddParameter): Name = "Value"; Value = ""; VariantName = "[No Variations]"
Added Component: Designator=C76(CAPC1005X06L)
Add component. Clean all parameters for all variants
Add component (AddParameter): Name = "Value"; Value = ""; VariantName = "[No Variations]"
Added Component: Designator=C77(CAPC1005X06L)
Add component. Clean all parameters for all variants
Add component (AddParameter): Name = "Value"; Value = ""; VariantName = "[No Variations]"
Added Component: Designator=C78(CAPC1608X08L)
Add component. Clean all parameters for all variants
Add component (AddParameter): Name = "Value"; Value = ""; VariantName = "[No Variations]"
Added Component: Designator=C79(CAPC1608X08L)
Add component. Clean all parameters for all variants
Add component (AddParameter): Name = "Value"; Value = ""; VariantName = "[No Variations]"
Added Component: Designator=C80(CAPC1608X08L)
Add component. Clean all parameters for all variants
Add component (AddParameter): Name = "Value"; Value = ""; VariantName = "[No Variations]"
Added Component: Designator=C81(CAPC0603X03L)
Add component. Clean all parameters for all variants
Add component (AddParameter): Name = "Value"; Value = ""; VariantName = "[No Variations]"
Added Component: Designator=C82(CAPC0603X03L)
Add component. Clean all parameters for all variants
Add component (AddParameter): Name = "Value"; Value = ""; VariantName = "[No Variations]"
Added Component: Designator=C83(CAPC1608X08L)
Add component. Clean all parameters for all variants
Add component (AddParameter): Name = "Value"; Value = ""; VariantName = "[No Variations]"
Added Component: Designator=C84(CAPC0603X03L)
Add component. Clean all parameters for all variants
Add component (AddParameter): Name = "Value"; Value = ""; VariantName = "[No Variations]"
Added Component: Designator=C85(CAPC0603X03L)
Add component. Clean all parameters for all variants
Add component (AddParameter): Name = "Value"; Value = ""; VariantName = "[No Variations]"
Added Component: Designator=C86(CAPC1608X08L)
Add component. Clean all parameters for all variants
Add component (AddParameter): Name = "Value"; Value = ""; VariantName = "[No Variations]"
Added Component: Designator=C87(CAPC0603X03L)
Add component. Clean all parameters for all variants
Add component (AddParameter): Name = "Value"; Value = ""; VariantName = "[No Variations]"
Added Component: Designator=C88(CAPC1608X08L)
Add component. Clean all parameters for all variants
Add component (AddParameter): Name = "Value"; Value = ""; VariantName = "[No Variations]"
Added Component: Designator=C89(CAPC1608X08L)
Add component. Clean all parameters for all variants
Add component (AddParameter): Name = "Value"; Value = ""; VariantName = "[No Variations]"
Added Component: Designator=C90(CAPC1005X06L)
Add component. Clean all parameters for all variants
Add component (AddParameter): Name = "Value"; Value = ""; VariantName = "[No Variations]"
Added Component: Designator=C91(CAPC1608X08L)
Add component. Clean all parameters for all variants
Add component (AddParameter): Name = "Value"; Value = ""; VariantName = "[No Variations]"
Added Component: Designator=C92(CAPC0603X03L)
Add component. Clean all parameters for all variants
Add component (AddParameter): Name = "Value"; Value = ""; VariantName = "[No Variations]"
Added Component: Designator=C93(CAPC0603X03L)
Add component. Clean all parameters for all variants
Add component (AddParameter): Name = "Value"; Value = ""; VariantName = "[No Variations]"
Added Component: Designator=C94(CAPC1608X08L)
Add component. Clean all parameters for all variants
Add component (AddParameter): Name = "Value"; Value = ""; VariantName = "[No Variations]"
Added Component: Designator=C95(CAPC0603X03L)
Add component. Clean all parameters for all variants
Add component (AddParameter): Name = "Value"; Value = ""; VariantName = "[No Variations]"
Added Component: Designator=C96(CAPC0603X03L)
Add component. Clean all parameters for all variants
Add component (AddParameter): Name = "Value"; Value = ""; VariantName = "[No Variations]"
Added Component: Designator=L1(INDC1005X06L)
Add component. Clean all parameters for all variants
Add component (AddParameter): Name = "Value"; Value = ""; VariantName = "[No Variations]"
Added Component: Designator=L2(INDC1005X06L)
Add component. Clean all parameters for all variants
Add component (AddParameter): Name = "Value"; Value = ""; VariantName = "[No Variations]"
Added Component: Designator=L3(INDC1005X06L)
Add component. Clean all parameters for all variants
Add component (AddParameter): Name = "Value"; Value = ""; VariantName = "[No Variations]"
Added Component: Designator=L4(INDC1005X06L)
Add component. Clean all parameters for all variants
Add component (AddParameter): Name = "Value"; Value = ""; VariantName = "[No Variations]"
Added Component: Designator=L5(INDC1005X06L)
Add component. Clean all parameters for all variants
Add component (AddParameter): Name = "Value"; Value = ""; VariantName = "[No Variations]"
Added Component: Designator=L6(INDC1005X06L)
Add component. Clean all parameters for all variants
Add component (AddParameter): Name = "Value"; Value = ""; VariantName = "[No Variations]"
Added Component: Designator=R1(RESC1105X04L)
Add component. Clean all parameters for all variants
Add component (AddParameter): Name = "Value"; Value = ""; VariantName = "[No Variations]"
Added Component: Designator=R2(RESC1105X04L)
Add component. Clean all parameters for all variants
Add component (AddParameter): Name = "Value"; Value = ""; VariantName = "[No Variations]"
Added Component: Designator=R3(RESC1105X04L)
Add component. Clean all parameters for all variants
Add component (AddParameter): Name = "Value"; Value = ""; VariantName = "[No Variations]"
Added Component: Designator=R4(RESC1105X04L)
Add component. Clean all parameters for all variants
Add component (AddParameter): Name = "Value"; Value = ""; VariantName = "[No Variations]"
Added Component: Designator=R5(RESC1608X06L)
Add component. Clean all parameters for all variants
Add component (AddParameter): Name = "Value"; Value = ""; VariantName = "[No Variations]"
Added Component: Designator=R6(RESC1608X06L)
Add component. Clean all parameters for all variants
Add component (AddParameter): Name = "Value"; Value = ""; VariantName = "[No Variations]"
Added Component: Designator=R7(RESC1608X06L)
Add component. Clean all parameters for all variants
Add component (AddParameter): Name = "Value"; Value = ""; VariantName = "[No Variations]"
Added Component: Designator=R8(RESC1608X06L)
Add component. Clean all parameters for all variants
Add component (AddParameter): Name = "Value"; Value = ""; VariantName = "[No Variations]"
Added Component: Designator=R9(RESC1608X06L)
Add component. Clean all parameters for all variants
Add component (AddParameter): Name = "Value"; Value = ""; VariantName = "[No Variations]"
Added Component: Designator=R10(RESC1608X06L)
Add component. Clean all parameters for all variants
Add component (AddParameter): Name = "Value"; Value = ""; VariantName = "[No Variations]"
Added Component: Designator=R11(RESC1608X06L)
Add component. Clean all parameters for all variants
Add component (AddParameter): Name = "Value"; Value = ""; VariantName = "[No Variations]"
Added Component: Designator=R12(RESC1608X06L)
Add component. Clean all parameters for all variants
Add component (AddParameter): Name = "Value"; Value = ""; VariantName = "[No Variations]"
Added Component: Designator=R13(RESC1105X04L)
Add component. Clean all parameters for all variants
Add component (AddParameter): Name = "Value"; Value = ""; VariantName = "[No Variations]"
Added Component: Designator=R14(RESC1105X04L)
Add component. Clean all parameters for all variants
Add component (AddParameter): Name = "Value"; Value = ""; VariantName = "[No Variations]"
Added Component: Designator=R15(RESC1105X04L)
Add component. Clean all parameters for all variants
Add component (AddParameter): Name = "Value"; Value = ""; VariantName = "[No Variations]"
Added Component: Designator=R16(RESC1105X04L)
Add component. Clean all parameters for all variants
Add component (AddParameter): Name = "Value"; Value = ""; VariantName = "[No Variations]"
Added Component: Designator=R17(RESC1105X04L)
Add component. Clean all parameters for all variants
Add component (AddParameter): Name = "Value"; Value = ""; VariantName = "[No Variations]"
Added Component: Designator=R18(RESC1105X04L)
Add component. Clean all parameters for all variants
Add component (AddParameter): Name = "Value"; Value = ""; VariantName = "[No Variations]"
Added Component: Designator=R19(RESC1105X04L)
Add component. Clean all parameters for all variants
Add component (AddParameter): Name = "Value"; Value = ""; VariantName = "[No Variations]"
Added Component: Designator=R20(RESC1105X04L)
Add component. Clean all parameters for all variants
Add component (AddParameter): Name = "Value"; Value = ""; VariantName = "[No Variations]"
Added Component: Designator=R21(RESC1105X04L)
Add component. Clean all parameters for all variants
Add component (AddParameter): Name = "Value"; Value = ""; VariantName = "[No Variations]"
Added Component: Designator=R22(RESC1105X04L)
Add component. Clean all parameters for all variants
Add component (AddParameter): Name = "Value"; Value = ""; VariantName = "[No Variations]"
Added Component: Designator=R23(RESC1105X04L)
Add component. Clean all parameters for all variants
Add component (AddParameter): Name = "Value"; Value = ""; VariantName = "[No Variations]"
Added Component: Designator=R24(RESC1105X04L)
Add component. Clean all parameters for all variants
Add component (AddParameter): Name = "Value"; Value = ""; VariantName = "[No Variations]"
Added Component: Designator=R25(RESC1105X04L)
Add component. Clean all parameters for all variants
Add component (AddParameter): Name = "Value"; Value = ""; VariantName = "[No Variations]"
Added Component: Designator=R26(RESC1105X04L)
Add component. Clean all parameters for all variants
Add component (AddParameter): Name = "Value"; Value = ""; VariantName = "[No Variations]"
Added Component: Designator=R28(RESC1105X04L)
Add component. Clean all parameters for all variants
Add component (AddParameter): Name = "Value"; Value = ""; VariantName = "[No Variations]"
Added Component: Designator=R29(RESC1105X04L)
Add component. Clean all parameters for all variants
Add component (AddParameter): Name = "Value"; Value = ""; VariantName = "[No Variations]"
Added Component: Designator=R30(RESC1105X04L)
Add component. Clean all parameters for all variants
Add component (AddParameter): Name = "Value"; Value = ""; VariantName = "[No Variations]"
Added Component: Designator=R31(RESC1105X04L)
Add component. Clean all parameters for all variants
Add component (AddParameter): Name = "Value"; Value = ""; VariantName = "[No Variations]"
Added Component: Designator=R32(RESC1105X04L)
Add component. Clean all parameters for all variants
Add component (AddParameter): Name = "Value"; Value = ""; VariantName = "[No Variations]"
Added Component: Designator=R33(RESC1105X04L)
Add component. Clean all parameters for all variants
Add component (AddParameter): Name = "Value"; Value = ""; VariantName = "[No Variations]"
Added Component: Designator=R34(RESC1105X04L)
Add component. Clean all parameters for all variants
Add component (AddParameter): Name = "Value"; Value = ""; VariantName = "[No Variations]"
Added Component: Designator=R35(RESC1105X04L)
Add component. Clean all parameters for all variants
Add component (AddParameter): Name = "Value"; Value = ""; VariantName = "[No Variations]"
Added Component: Designator=R36(RESC1105X04L)
Add component. Clean all parameters for all variants
Add component (AddParameter): Name = "Value"; Value = ""; VariantName = "[No Variations]"
Added Component: Designator=R37(RESC1105X04L)
Add component. Clean all parameters for all variants
Add component (AddParameter): Name = "Value"; Value = ""; VariantName = "[No Variations]"
Added Component: Designator=R38(RESC1105X04L)
Add component. Clean all parameters for all variants
Add component (AddParameter): Name = "Value"; Value = ""; VariantName = "[No Variations]"
Added Component: Designator=R39(RESC1105X04L)
Add component. Clean all parameters for all variants
Add component (AddParameter): Name = "Value"; Value = ""; VariantName = "[No Variations]"
Added Component: Designator=R40(RESC1105X04L)
Add component. Clean all parameters for all variants
Add component (AddParameter): Name = "Value"; Value = ""; VariantName = "[No Variations]"
Added Component: Designator=R41(RESC1105X04L)
Add component. Clean all parameters for all variants
Add component (AddParameter): Name = "Value"; Value = ""; VariantName = "[No Variations]"
Added Component: Designator=R42(RESC1105X04L)
Add component. Clean all parameters for all variants
Add component (AddParameter): Name = "Value"; Value = ""; VariantName = "[No Variations]"
Added Component: Designator=R43(RESC1105X04L)
Add component. Clean all parameters for all variants
Add component (AddParameter): Name = "Value"; Value = ""; VariantName = "[No Variations]"
Added Component: Designator=R46(RESC1105X04L)
Add component. Clean all parameters for all variants
Add component (AddParameter): Name = "Value"; Value = ""; VariantName = "[No Variations]"
Added Component: Designator=R47(RESC1105X04L)
Add component. Clean all parameters for all variants
Add component (AddParameter): Name = "Value"; Value = ""; VariantName = "[No Variations]"
Added Component: Designator=R48(RESC1105X04L)
Add component. Clean all parameters for all variants
Add component (AddParameter): Name = "Value"; Value = ""; VariantName = "[No Variations]"
Added Component: Designator=R49(RESC1105X04L)
Add component. Clean all parameters for all variants
Add component (AddParameter): Name = "Value"; Value = ""; VariantName = "[No Variations]"
Added Component: Designator=R50(RESC1105X04L)
Add component. Clean all parameters for all variants
Add component (AddParameter): Name = "Value"; Value = ""; VariantName = "[No Variations]"
Added Component: Designator=R51(RESC1105X04L)
Add component. Clean all parameters for all variants
Add component (AddParameter): Name = "Value"; Value = ""; VariantName = "[No Variations]"
Added Component: Designator=R52(RESC1105X04L)
Add component. Clean all parameters for all variants
Add component (AddParameter): Name = "Value"; Value = ""; VariantName = "[No Variations]"
Added Component: Designator=R53(RESC1105X04L)
Add component. Clean all parameters for all variants
Add component (AddParameter): Name = "Value"; Value = ""; VariantName = "[No Variations]"
Added Component: Designator=R54(RESC1105X04L)
Add component. Clean all parameters for all variants
Add component (AddParameter): Name = "Value"; Value = ""; VariantName = "[No Variations]"
Added Component: Designator=R55(RESC1105X04L)
Add component. Clean all parameters for all variants
Add component (AddParameter): Name = "Value"; Value = ""; VariantName = "[No Variations]"
Added Component: Designator=R56(RESC1105X04L)
Add component. Clean all parameters for all variants
Add component (AddParameter): Name = "Value"; Value = ""; VariantName = "[No Variations]"
Added Component: Designator=R57(RESC1105X04L)
Add component. Clean all parameters for all variants
Add component (AddParameter): Name = "Value"; Value = ""; VariantName = "[No Variations]"
Added Component: Designator=R58(RESC1105X04L)
Add component. Clean all parameters for all variants
Add component (AddParameter): Name = "Value"; Value = ""; VariantName = "[No Variations]"
Added Component: Designator=R59(RESC1105X04L)
Add component. Clean all parameters for all variants
Add component (AddParameter): Name = "Value"; Value = ""; VariantName = "[No Variations]"
Added Component: Designator=R60(RESC1105X04L)
Add component. Clean all parameters for all variants
Add component (AddParameter): Name = "Value"; Value = ""; VariantName = "[No Variations]"
Added Component: Designator=R61(RESC1105X04L)
Add component. Clean all parameters for all variants
Add component (AddParameter): Name = "Value"; Value = ""; VariantName = "[No Variations]"
Added Component: Designator=R62(RESC1105X04L)
Add component. Clean all parameters for all variants
Add component (AddParameter): Name = "Value"; Value = ""; VariantName = "[No Variations]"
Added Component: Designator=R63(RESC1105X04L)
Add component. Clean all parameters for all variants
Add component (AddParameter): Name = "Value"; Value = ""; VariantName = "[No Variations]"
Added Component: Designator=R64(RESC1105X04L)
Add component. Clean all parameters for all variants
Add component (AddParameter): Name = "Value"; Value = ""; VariantName = "[No Variations]"
Added Component: Designator=R65(RESC1608X06L)
Add component. Clean all parameters for all variants
Add component (AddParameter): Name = "Value"; Value = ""; VariantName = "[No Variations]"
Added Component: Designator=R66(RESC1608X06L)
Add component. Clean all parameters for all variants
Add component (AddParameter): Name = "Value"; Value = ""; VariantName = "[No Variations]"
Added Component: Designator=R67(RESC1608X06L)
Add component. Clean all parameters for all variants
Add component (AddParameter): Name = "Value"; Value = ""; VariantName = "[No Variations]"
Added Component: Designator=R68(RESC1105X04L)
Add component. Clean all parameters for all variants
Add component (AddParameter): Name = "Value"; Value = ""; VariantName = "[No Variations]"
Added Component: Designator=R69(RESC1105X04L)
Add component. Clean all parameters for all variants
Add component (AddParameter): Name = "Value"; Value = ""; VariantName = "[No Variations]"
Added Component: Designator=R70(RESC1105X04L)
Add component. Clean all parameters for all variants
Add component (AddParameter): Name = "Value"; Value = ""; VariantName = "[No Variations]"
Added Component: Designator=R71(RESC1105X04L)
Add component. Clean all parameters for all variants
Add component (AddParameter): Name = "Value"; Value = ""; VariantName = "[No Variations]"
Added Component: Designator=R72(RESC1105X04L)
Add component. Clean all parameters for all variants
Add component (AddParameter): Name = "Value"; Value = ""; VariantName = "[No Variations]"
Added Component: Designator=R73(RESC1105X04L)
Add component. Clean all parameters for all variants
Add component (AddParameter): Name = "Value"; Value = ""; VariantName = "[No Variations]"
Added Component: Designator=R74(RESC1105X04L)
Add component. Clean all parameters for all variants
Add component (AddParameter): Name = "Value"; Value = ""; VariantName = "[No Variations]"
Added Component: Designator=R75(RESC1105X04L)
Add component. Clean all parameters for all variants
Add component (AddParameter): Name = "Value"; Value = ""; VariantName = "[No Variations]"
Added Component: Designator=SB1(SWITCH TACTILE SPST-NO 0.05A 12V)
Add component. Clean all parameters for all variants
Add component (AddParameter): Name = "Manufacturer"; Value = "E-Switch"; VariantName = "[No Variations]"
Add component (AddParameter): Name = "Name"; Value = "TL3240F100G"; VariantName = "[No Variations]"
Added Component: Designator=SB2(SWITCH TACTILE SPST-NO 0.05A 12V)
Add component. Clean all parameters for all variants
Add component (AddParameter): Name = "Manufacturer"; Value = "E-Switch"; VariantName = "[No Variations]"
Add component (AddParameter): Name = "Name"; Value = "TL3240F100G"; VariantName = "[No Variations]"
Added Component: Designator=SB3(SWITCH TACTILE SPST-NO 0.05A 12V)
Add component. Clean all parameters for all variants
Add component (AddParameter): Name = "Manufacturer"; Value = "E-Switch"; VariantName = "[No Variations]"
Add component (AddParameter): Name = "Name"; Value = "TL3240F100G"; VariantName = "[No Variations]"
Added Component: Designator=SB4(SWITCH TACTILE SPST-NO 0.05A 12V)
Add component. Clean all parameters for all variants
Add component (AddParameter): Name = "Manufacturer"; Value = "E-Switch"; VariantName = "[No Variations]"
Add component (AddParameter): Name = "Name"; Value = "TL3240F100G"; VariantName = "[No Variations]"
Added Net: Name=AD5681R_LDACn
Added Net: Name=AD5681R_RSTn
Added Net: Name=AD5681R_SCL
Added Net: Name=AD5681R_SDA
Added Net: Name=AD5681R_SYNCn
Added Pin To Net: NetName=ADC_IN1 Pin=R46-1
Added Pin To Net: NetName=ADC_IN1 Pin=R52-1
Added Net: Name=ADC_IN1
Added Pin To Net: NetName=ADC_IN2 Pin=R47-1
Added Pin To Net: NetName=ADC_IN2 Pin=R53-1
Added Net: Name=ADC_IN2
Added Pin To Net: NetName=ADC_IN3 Pin=R48-1
Added Pin To Net: NetName=ADC_IN3 Pin=R54-1
Added Net: Name=ADC_IN3
Added Pin To Net: NetName=ADC_IN4 Pin=R49-1
Added Pin To Net: NetName=ADC_IN4 Pin=R55-1
Added Net: Name=ADC_IN4
Added Pin To Net: NetName=ADC_IN5 Pin=R50-1
Added Pin To Net: NetName=ADC_IN5 Pin=R56-1
Added Net: Name=ADC_IN5
Added Pin To Net: NetName=ADC_IN6 Pin=R51-1
Added Pin To Net: NetName=ADC_IN6 Pin=R57-1
Added Net: Name=ADC_IN6
Added Net: Name=ADT7420_CT
Added Net: Name=ADT7420_INT
Added Pin To Net: NetName=ADT7420_SCL Pin=R24-1
Added Net: Name=ADT7420_SCL
Added Pin To Net: NetName=ADT7420_SDA Pin=R25-1
Added Net: Name=ADT7420_SDA
Added Net: Name=ADXL362_CS
Added Net: Name=ADXL362_INT1
Added Net: Name=ADXL362_INT2
Added Net: Name=ADXL362_MISO
Added Net: Name=ADXL362_MOSI
Added Net: Name=ADXL362_SCLK
Added Pin To Net: NetName=Analog1 Pin=C70-2
Added Pin To Net: NetName=Analog1 Pin=R52-2
Added Net: Name=Analog1
Added Pin To Net: NetName=Analog2 Pin=C71-2
Added Pin To Net: NetName=Analog2 Pin=R53-2
Added Net: Name=Analog2
Added Pin To Net: NetName=Analog3 Pin=C72-2
Added Pin To Net: NetName=Analog3 Pin=R54-2
Added Net: Name=Analog3
Added Pin To Net: NetName=Analog4 Pin=C73-2
Added Pin To Net: NetName=Analog4 Pin=R55-2
Added Net: Name=Analog4
Added Pin To Net: NetName=Analog5 Pin=C74-2
Added Pin To Net: NetName=Analog5 Pin=R56-2
Added Net: Name=Analog5
Added Pin To Net: NetName=Analog6 Pin=C75-2
Added Pin To Net: NetName=Analog6 Pin=R57-2
Added Net: Name=Analog6
Added Net: Name=blaster_D0
Added Net: Name=blaster_D1
Added Net: Name=blaster_D2
Added Net: Name=blaster_D3
Added Net: Name=blaster_D4
Added Net: Name=blaster_D5
Added Net: Name=blaster_D6
Added Net: Name=blaster_D7
Added Net: Name=blaster_RD#
Added Net: Name=blaster_RXF#
Added Net: Name=blaster_TXE#
Added Net: Name=blaster_WR
Added Pin To Net: NetName=CBUS5 Pin=R70-1
Added Net: Name=CBUS5
Added Pin To Net: NetName=CBUS6 Pin=R71-1
Added Net: Name=CBUS6
Added Net: Name=CLK_24MHZ
Added Net: Name=CPLD_TCK
Added Pin To Net: NetName=CPLD_TDI Pin=R63-1
Added Pin To Net: NetName=CPLD_TDI Pin=R64-1
Added Net: Name=CPLD_TDI
Added Pin To Net: NetName=CPLD_TDO Pin=R60-2
Added Net: Name=CPLD_TDO
Added Net: Name=CPLD_TMS
Added Net: Name=DIFF_RX_0+
Added Net: Name=DIFF_RX_0-
Added Net: Name=DIFF_RX_1+
Added Net: Name=DIFF_RX_1-
Added Net: Name=DIFF_RX_2+
Added Net: Name=DIFF_RX_2-
Added Net: Name=DIFF_RX_3+
Added Net: Name=DIFF_RX_3-
Added Net: Name=DIFF_RX_4+
Added Net: Name=DIFF_RX_4-
Added Net: Name=DIFF_RX_5+
Added Net: Name=DIFF_RX_5-
Added Net: Name=DIFF_RX_6+
Added Net: Name=DIFF_RX_6-
Added Net: Name=DIFF_RX_7+
Added Net: Name=DIFF_RX_7-
Added Net: Name=DIFF_RX_8+
Added Net: Name=DIFF_RX_8-
Added Net: Name=DIFF_RX_9+
Added Net: Name=DIFF_RX_9-
Added Net: Name=DIFF_RX_A+
Added Net: Name=DIFF_RX_A-
Added Net: Name=DIFF_RX_B+
Added Net: Name=DIFF_RX_B-
Added Net: Name=EG_P1
Added Net: Name=EG_P2
Added Net: Name=EG_P3
Added Net: Name=EG_P4
Added Net: Name=EG_P5
Added Net: Name=EG_P6
Added Net: Name=EG_P7
Added Net: Name=EG_P8
Added Net: Name=EG_P9
Added Net: Name=EG_P10
Added Net: Name=EG_P11
Added Net: Name=EG_P12
Added Net: Name=EG_P13
Added Net: Name=EG_P14
Added Net: Name=EG_P15
Added Net: Name=EG_P16
Added Net: Name=EG_P17
Added Net: Name=EG_P18
Added Net: Name=EG_P19
Added Net: Name=EG_P20
Added Net: Name=EG_P21
Added Net: Name=EG_P22
Added Net: Name=EG_P23
Added Net: Name=EG_P24
Added Net: Name=EG_P25
Added Net: Name=EG_P26
Added Net: Name=EG_P27
Added Net: Name=EG_P28
Added Net: Name=EG_P29
Added Net: Name=EG_P35
Added Net: Name=EG_P36
Added Net: Name=EG_P37
Added Net: Name=EG_P38
Added Net: Name=EG_P39
Added Net: Name=EG_P40
Added Net: Name=EG_P41
Added Net: Name=EG_P42
Added Net: Name=EG_P43
Added Net: Name=EG_P44
Added Net: Name=EG_P45
Added Net: Name=EG_P46
Added Net: Name=EG_P47
Added Net: Name=EG_P48
Added Net: Name=EG_P49
Added Net: Name=EG_P50
Added Net: Name=EG_P51
Added Net: Name=EG_P52
Added Net: Name=EG_P53
Added Net: Name=EG_P54
Added Net: Name=EG_P55
Added Net: Name=EG_P56
Added Net: Name=EG_P57
Added Net: Name=EG_P58
Added Net: Name=EG_P59
Added Net: Name=EG_P60
Added Pin To Net: NetName=EXP_PRESENT Pin=R15-2
Added Net: Name=EXP_PRESENT
Added Net: Name=F_ASDI
Added Net: Name=F_CSn
Added Net: Name=F_DATA
Added Net: Name=F_DCLK
Added Net: Name=FPGA_CLK_50MHZ
Added Pin To Net: NetName=FPGA_TCK Pin=R41-1
Added Pin To Net: NetName=FPGA_TCK Pin=R43-1
Added Pin To Net: NetName=FPGA_TCK Pin=R69-1
Added Net: Name=FPGA_TCK
Added Pin To Net: NetName=FPGA_TDI Pin=R36-1
Added Net: Name=FPGA_TDI
Added Net: Name=FPGA_TDO
Added Pin To Net: NetName=FPGA_TMS Pin=R35-1
Added Net: Name=FPGA_TMS
Added Pin To Net: NetName=FT240_RST# Pin=R73-2
Added Net: Name=FT240_RST#
Added Pin To Net: NetName=GND Pin=C1-1
Added Pin To Net: NetName=GND Pin=C2-1
Added Pin To Net: NetName=GND Pin=C3-1
Added Pin To Net: NetName=GND Pin=C4-1
Added Pin To Net: NetName=GND Pin=C5-2
Added Pin To Net: NetName=GND Pin=C6-1
Added Pin To Net: NetName=GND Pin=C7-1
Added Pin To Net: NetName=GND Pin=C8-1
Added Pin To Net: NetName=GND Pin=C9-1
Added Pin To Net: NetName=GND Pin=C10-2
Added Pin To Net: NetName=GND Pin=C11-1
Added Pin To Net: NetName=GND Pin=C12-1
Added Pin To Net: NetName=GND Pin=C13-1
Added Pin To Net: NetName=GND Pin=C14-1
Added Pin To Net: NetName=GND Pin=C15-1
Added Pin To Net: NetName=GND Pin=C16-2
Added Pin To Net: NetName=GND Pin=C17-2
Added Pin To Net: NetName=GND Pin=C18-1
Added Pin To Net: NetName=GND Pin=C19-1
Added Pin To Net: NetName=GND Pin=C20-1
Added Pin To Net: NetName=GND Pin=C21-1
Added Pin To Net: NetName=GND Pin=C22-1
Added Pin To Net: NetName=GND Pin=C23-1
Added Pin To Net: NetName=GND Pin=C24-1
Added Pin To Net: NetName=GND Pin=C25-1
Added Pin To Net: NetName=GND Pin=C26-1
Added Pin To Net: NetName=GND Pin=C27-1
Added Pin To Net: NetName=GND Pin=C28-1
Added Pin To Net: NetName=GND Pin=C29-1
Added Pin To Net: NetName=GND Pin=C30-1
Added Pin To Net: NetName=GND Pin=C31-1
Added Pin To Net: NetName=GND Pin=C32-1
Added Pin To Net: NetName=GND Pin=C33-1
Added Pin To Net: NetName=GND Pin=C34-1
Added Pin To Net: NetName=GND Pin=C35-1
Added Pin To Net: NetName=GND Pin=C36-1
Added Pin To Net: NetName=GND Pin=C37-1
Added Pin To Net: NetName=GND Pin=C38-1
Added Pin To Net: NetName=GND Pin=C39-1
Added Pin To Net: NetName=GND Pin=C41-1
Added Pin To Net: NetName=GND Pin=C42-1
Added Pin To Net: NetName=GND Pin=C43-1
Added Pin To Net: NetName=GND Pin=C44-1
Added Pin To Net: NetName=GND Pin=C45-1
Added Pin To Net: NetName=GND Pin=C46-1
Added Pin To Net: NetName=GND Pin=C47-1
Added Pin To Net: NetName=GND Pin=C48-1
Added Pin To Net: NetName=GND Pin=C49-1
Added Pin To Net: NetName=GND Pin=C50-1
Added Pin To Net: NetName=GND Pin=C51-1
Added Pin To Net: NetName=GND Pin=C52-1
Added Pin To Net: NetName=GND Pin=C53-1
Added Pin To Net: NetName=GND Pin=C54-1
Added Pin To Net: NetName=GND Pin=C55-1
Added Pin To Net: NetName=GND Pin=C56-1
Added Pin To Net: NetName=GND Pin=C57-1
Added Pin To Net: NetName=GND Pin=C58-1
Added Pin To Net: NetName=GND Pin=C59-1
Added Pin To Net: NetName=GND Pin=C60-1
Added Pin To Net: NetName=GND Pin=C61-1
Added Pin To Net: NetName=GND Pin=C62-1
Added Pin To Net: NetName=GND Pin=C63-1
Added Pin To Net: NetName=GND Pin=C66-1
Added Pin To Net: NetName=GND Pin=C67-1
Added Pin To Net: NetName=GND Pin=C70-1
Added Pin To Net: NetName=GND Pin=C71-1
Added Pin To Net: NetName=GND Pin=C72-1
Added Pin To Net: NetName=GND Pin=C73-1
Added Pin To Net: NetName=GND Pin=C74-1
Added Pin To Net: NetName=GND Pin=C75-1
Added Pin To Net: NetName=GND Pin=C76-1
Added Pin To Net: NetName=GND Pin=C77-1
Added Pin To Net: NetName=GND Pin=C78-1
Added Pin To Net: NetName=GND Pin=C79-1
Added Pin To Net: NetName=GND Pin=C80-1
Added Pin To Net: NetName=GND Pin=C81-1
Added Pin To Net: NetName=GND Pin=C82-1
Added Pin To Net: NetName=GND Pin=C83-1
Added Pin To Net: NetName=GND Pin=C84-1
Added Pin To Net: NetName=GND Pin=C85-1
Added Pin To Net: NetName=GND Pin=C86-1
Added Pin To Net: NetName=GND Pin=C87-1
Added Pin To Net: NetName=GND Pin=C88-1
Added Pin To Net: NetName=GND Pin=C89-1
Added Pin To Net: NetName=GND Pin=C90-1
Added Pin To Net: NetName=GND Pin=C91-1
Added Pin To Net: NetName=GND Pin=C92-1
Added Pin To Net: NetName=GND Pin=C93-1
Added Pin To Net: NetName=GND Pin=C94-1
Added Pin To Net: NetName=GND Pin=C95-1
Added Pin To Net: NetName=GND Pin=C96-1
Added Pin To Net: NetName=GND Pin=R15-1
Added Pin To Net: NetName=GND Pin=R16-2
Added Pin To Net: NetName=GND Pin=R21-1
Added Pin To Net: NetName=GND Pin=R32-1
Added Pin To Net: NetName=GND Pin=R38-1
Added Pin To Net: NetName=GND Pin=R40-1
Added Pin To Net: NetName=GND Pin=R43-2
Added Pin To Net: NetName=GND Pin=R46-2
Added Pin To Net: NetName=GND Pin=R47-2
Added Pin To Net: NetName=GND Pin=R48-2
Added Pin To Net: NetName=GND Pin=R49-2
Added Pin To Net: NetName=GND Pin=R50-2
Added Pin To Net: NetName=GND Pin=R51-2
Added Pin To Net: NetName=GND Pin=R58-1
Added Pin To Net: NetName=GND Pin=R59-1
Added Pin To Net: NetName=GND Pin=R60-1
Added Pin To Net: NetName=GND Pin=R68-1
Added Pin To Net: NetName=GND Pin=R74-1
Added Net: Name=GND
Added Net: Name=GPIO_01
Added Net: Name=GPIO_02
Added Net: Name=GPIO_03
Added Net: Name=GPIO_04
Added Net: Name=GPIO_05
Added Net: Name=GPIO_06
Added Net: Name=GPIO_07
Added Net: Name=GPIO_08
Added Net: Name=GPIO_09
Added Net: Name=GPIO_10
Added Net: Name=GPIO_11
Added Net: Name=GPIO_12
Added Net: Name=GPIO_A
Added Net: Name=GPIO_B
Added Pin To Net: NetName=I2C_SCL Pin=R23-1
Added Net: Name=I2C_SCL
Added Pin To Net: NetName=I2C_SDA Pin=R22-1
Added Net: Name=I2C_SDA
Added Net: Name=LVDS_TX_0+
Added Net: Name=LVDS_TX_0-
Added Net: Name=LVDS_TX_1+
Added Net: Name=LVDS_TX_1-
Added Net: Name=LVDS_TX_2+
Added Net: Name=LVDS_TX_2-
Added Net: Name=LVDS_TX_3+
Added Net: Name=LVDS_TX_3-
Added Net: Name=LVDS_TX_4+
Added Net: Name=LVDS_TX_4-
Added Net: Name=LVDS_TX_5+
Added Net: Name=LVDS_TX_5-
Added Net: Name=LVDS_TX_6+
Added Net: Name=LVDS_TX_6-
Added Net: Name=LVDS_TX_7+
Added Net: Name=LVDS_TX_7-
Added Net: Name=LVDS_TX_8+
Added Net: Name=LVDS_TX_8-
Added Net: Name=LVDS_TX_9+
Added Net: Name=LVDS_TX_9-
Added Net: Name=LVDS_TX_A+
Added Net: Name=LVDS_TX_A-
Added Net: Name=LVDS_TX_B+
Added Net: Name=LVDS_TX_B-
Added Pin To Net: NetName=NetC12_2 Pin=C12-2
Added Pin To Net: NetName=NetC12_2 Pin=C15-2
Added Pin To Net: NetName=NetC12_2 Pin=R3-1
Added Net: Name=NetC12_2
Added Pin To Net: NetName=NetC13_2 Pin=C13-2
Added Net: Name=NetC13_2
Added Pin To Net: NetName=NetC26_2 Pin=C26-2
Added Pin To Net: NetName=NetC26_2 Pin=L1-1
Added Net: Name=NetC26_2
Added Pin To Net: NetName=NetC28_2 Pin=C28-2
Added Pin To Net: NetName=NetC28_2 Pin=C30-2
Added Pin To Net: NetName=NetC28_2 Pin=C32-2
Added Pin To Net: NetName=NetC28_2 Pin=C34-2
Added Pin To Net: NetName=NetC28_2 Pin=L2-1
Added Net: Name=NetC28_2
Added Pin To Net: NetName=NetC35_2 Pin=C35-2
Added Pin To Net: NetName=NetC35_2 Pin=L3-1
Added Net: Name=NetC35_2
Added Pin To Net: NetName=NetC36_2 Pin=C36-2
Added Pin To Net: NetName=NetC36_2 Pin=L4-1
Added Net: Name=NetC36_2
Added Pin To Net: NetName=NetC37_2 Pin=C37-2
Added Pin To Net: NetName=NetC37_2 Pin=C38-2
Added Pin To Net: NetName=NetC37_2 Pin=L5-1
Added Net: Name=NetC37_2
Added Pin To Net: NetName=NetC64_1 Pin=C64-1
Added Pin To Net: NetName=NetC64_1 Pin=R31-1
Added Pin To Net: NetName=NetC64_1 Pin=R32-2
Added Net: Name=NetC64_1
Added Pin To Net: NetName=NetC80_2 Pin=C80-2
Added Pin To Net: NetName=NetC80_2 Pin=C83-2
Added Pin To Net: NetName=NetC80_2 Pin=C86-2
Added Pin To Net: NetName=NetC80_2 Pin=C88-2
Added Pin To Net: NetName=NetC80_2 Pin=C89-2
Added Pin To Net: NetName=NetC80_2 Pin=R67-1
Added Net: Name=NetC80_2
Added Pin To Net: NetName=NetC96_2 Pin=C96-2
Added Net: Name=NetC96_2
Added Net: Name=NetDD3_10
Added Pin To Net: NetName=NetDD5_F7 Pin=R16-1
Added Net: Name=NetDD5_F7
Added Pin To Net: NetName=NetDD5_F8 Pin=R18-1
Added Net: Name=NetDD5_F8
Added Net: Name=NetDD5_F9
Added Pin To Net: NetName=NetDD5_G2 Pin=R41-2
Added Net: Name=NetDD5_G2
Added Pin To Net: NetName=NetDD5_G9 Pin=R17-1
Added Net: Name=NetDD5_G9
Added Pin To Net: NetName=NetDD5_H9 Pin=R19-1
Added Net: Name=NetDD5_H9
Added Net: Name=NetDD5_H10
Added Pin To Net: NetName=NetDD5_K9 Pin=R42-1
Added Net: Name=NetDD5_K9
Added Pin To Net: NetName=NetDD7_17 Pin=R29-2
Added Net: Name=NetDD7_17
Added Pin To Net: NetName=NetDD8_10 Pin=R30-2
Added Net: Name=NetDD8_10
Added Pin To Net: NetName=NetDD9_4 Pin=R37-2
Added Pin To Net: NetName=NetDD9_4 Pin=R38-2
Added Net: Name=NetDD9_4
Added Pin To Net: NetName=NetDD9_9 Pin=R33-2
Added Net: Name=NetDD9_9
Added Pin To Net: NetName=NetDD10_4 Pin=R39-2
Added Pin To Net: NetName=NetDD10_4 Pin=R40-2
Added Net: Name=NetDD10_4
Added Pin To Net: NetName=NetDD10_9 Pin=R34-2
Added Net: Name=NetDD10_9
Added Net: Name=NetDD11_1
Added Net: Name=NetDD11_2
Added Pin To Net: NetName=NetDD12_4 Pin=R69-2
Added Net: Name=NetDD12_4
Added Net: Name=NetDD12_39
Added Net: Name=NetDD12_49
Added Net: Name=NetDD12_50
Added Pin To Net: NetName=NetDD13_15 Pin=L6-2
Added Pin To Net: NetName=NetDD13_15 Pin=R73-1
Added Net: Name=NetDD13_15
Added Pin To Net: NetName=NetJ1_1 Pin=R20-1
Added Net: Name=NetJ1_1
Added Pin To Net: NetName=NetJ1_3 Pin=R21-2
Added Net: Name=NetJ1_3
Added Pin To Net: NetName=NetR5_1 Pin=R5-1
Added Net: Name=NetR5_1
Added Pin To Net: NetName=NetR6_1 Pin=R6-1
Added Net: Name=NetR6_1
Added Pin To Net: NetName=NetR7_1 Pin=R7-1
Added Net: Name=NetR7_1
Added Pin To Net: NetName=NetR8_1 Pin=R8-1
Added Net: Name=NetR8_1
Added Pin To Net: NetName=NetR9_1 Pin=R9-1
Added Net: Name=NetR9_1
Added Pin To Net: NetName=NetR10_1 Pin=R10-1
Added Net: Name=NetR10_1
Added Pin To Net: NetName=NetR11_1 Pin=R11-1
Added Net: Name=NetR11_1
Added Pin To Net: NetName=NetR12_1 Pin=R12-1
Added Net: Name=NetR12_1
Added Pin To Net: NetName=NetR26_1 Pin=R26-1
Added Net: Name=NetR26_1
Added Pin To Net: NetName=NetR44_2 Pin=R58-2
Added Pin To Net: NetName=NetR44_2 Pin=R61-2
Added Net: Name=NetR44_2
Added Pin To Net: NetName=NetR45_2 Pin=R59-2
Added Pin To Net: NetName=NetR45_2 Pin=R62-2
Added Net: Name=NetR45_2
Added Pin To Net: NetName=NetR65_1 Pin=R65-1
Added Net: Name=NetR65_1
Added Pin To Net: NetName=NetR66_1 Pin=R66-1
Added Net: Name=NetR66_1
Added Pin To Net: NetName=NetR67_2 Pin=R67-2
Added Net: Name=NetR67_2
Added Pin To Net: NetName=NetR68_2 Pin=R68-2
Added Net: Name=NetR68_2
Added Pin To Net: NetName=NetSB1_3 Pin=SB1-3
Added Pin To Net: NetName=NetSB1_3 Pin=SB2-1
Added Net: Name=NetSB1_3
Added Pin To Net: NetName=NetSB2_3 Pin=SB2-3
Added Pin To Net: NetName=NetSB2_3 Pin=SB3-1
Added Net: Name=NetSB2_3
Added Pin To Net: NetName=NetSB3_3 Pin=SB3-3
Added Pin To Net: NetName=NetSB3_3 Pin=SB4-1
Added Net: Name=NetSB3_3
Added Net: Name=NetVD10_2
Added Pin To Net: NetName=PB1 Pin=C5-1
Added Pin To Net: NetName=PB1 Pin=R1-1
Added Pin To Net: NetName=PB1 Pin=SB1-4
Added Pin To Net: NetName=PB1 Pin=SB1-5
Added Pin To Net: NetName=PB1 Pin=SB2-2
Added Pin To Net: NetName=PB1 Pin=SB2-6
Added Net: Name=PB1
Added Pin To Net: NetName=PB2 Pin=C10-1
Added Pin To Net: NetName=PB2 Pin=R2-1
Added Pin To Net: NetName=PB2 Pin=SB2-4
Added Pin To Net: NetName=PB2 Pin=SB2-5
Added Pin To Net: NetName=PB2 Pin=SB3-2
Added Pin To Net: NetName=PB2 Pin=SB3-6
Added Net: Name=PB2
Added Pin To Net: NetName=PB3 Pin=C16-1
Added Pin To Net: NetName=PB3 Pin=R4-1
Added Pin To Net: NetName=PB3 Pin=SB3-4
Added Pin To Net: NetName=PB3 Pin=SB3-5
Added Pin To Net: NetName=PB3 Pin=SB4-2
Added Pin To Net: NetName=PB3 Pin=SB4-6
Added Net: Name=PB3
Added Pin To Net: NetName=PB4 Pin=C17-1
Added Pin To Net: NetName=PB4 Pin=R13-1
Added Pin To Net: NetName=PB4 Pin=SB4-4
Added Pin To Net: NetName=PB4 Pin=SB4-5
Added Net: Name=PB4
Added Pin To Net: NetName=photo Pin=C77-2
Added Pin To Net: NetName=photo Pin=R62-1
Added Net: Name=photo
Added Net: Name=PMOD_A_1
Added Net: Name=PMOD_A_2
Added Net: Name=PMOD_A_3
Added Net: Name=PMOD_A_4
Added Net: Name=PMOD_B_1
Added Net: Name=PMOD_B_2
Added Net: Name=PMOD_B_3
Added Net: Name=PMOD_B_4
Added Net: Name=PMOD_C_1
Added Net: Name=PMOD_C_2
Added Net: Name=PMOD_C_3
Added Net: Name=PMOD_C_4
Added Net: Name=PMOD_D_1
Added Net: Name=PMOD_D_2
Added Net: Name=PMOD_D_3
Added Net: Name=PMOD_D_4
Added Pin To Net: NetName=RESET_EXP# Pin=R14-2
Added Net: Name=RESET_EXP#
Added Net: Name=SDRAM_A0
Added Net: Name=SDRAM_A1
Added Net: Name=SDRAM_A2
Added Net: Name=SDRAM_A3
Added Net: Name=SDRAM_A4
Added Net: Name=SDRAM_A5
Added Net: Name=SDRAM_A6
Added Net: Name=SDRAM_A7
Added Net: Name=SDRAM_A8
Added Net: Name=SDRAM_A9
Added Net: Name=SDRAM_A10
Added Net: Name=SDRAM_A11
Added Net: Name=SDRAM_A12
Added Net: Name=SDRAM_BA0
Added Net: Name=SDRAM_BA1
Added Net: Name=SDRAM_CASn
Added Net: Name=SDRAM_CKE
Added Net: Name=SDRAM_CLK
Added Net: Name=SDRAM_CSn
Added Net: Name=SDRAM_DQ0
Added Net: Name=SDRAM_DQ1
Added Net: Name=SDRAM_DQ2
Added Net: Name=SDRAM_DQ3
Added Net: Name=SDRAM_DQ4
Added Net: Name=SDRAM_DQ5
Added Net: Name=SDRAM_DQ6
Added Net: Name=SDRAM_DQ7
Added Net: Name=SDRAM_DQ8
Added Net: Name=SDRAM_DQ9
Added Net: Name=SDRAM_DQ10
Added Net: Name=SDRAM_DQ11
Added Net: Name=SDRAM_DQ12
Added Net: Name=SDRAM_DQ13
Added Net: Name=SDRAM_DQ14
Added Net: Name=SDRAM_DQ15
Added Net: Name=SDRAM_DQMH
Added Net: Name=SDRAM_DQML
Added Net: Name=SDRAM_RASn
Added Net: Name=SDRAM_WEn
Added Pin To Net: NetName=thermal Pin=C76-2
Added Pin To Net: NetName=thermal Pin=R61-1
Added Net: Name=thermal
Added Net: Name=USB_ASDO
Added Pin To Net: NetName=USB_Blaster_HP Pin=R74-2
Added Pin To Net: NetName=USB_Blaster_HP Pin=R75-1
Added Net: Name=USB_Blaster_HP
Added Pin To Net: NetName=USB_Blaster_Power Pin=R75-2
Added Net: Name=USB_Blaster_Power
Added Net: Name=USB_NCE
Added Net: Name=USB_NCS
Added Net: Name=USB_TCK
Added Net: Name=USB_TDI
Added Net: Name=USB_TDO
Added Net: Name=USB_TEST0
Added Net: Name=USB_TEST1
Added Net: Name=USB_TEST2
Added Net: Name=USB_TEST3
Added Net: Name=USB_TMS
Added Pin To Net: NetName=USB_VCCIO Pin=R70-2
Added Pin To Net: NetName=USB_VCCIO Pin=R71-2
Added Pin To Net: NetName=USB_VCCIO Pin=R72-2
Added Net: Name=USB_VCCIO
Added Net: Name=USER_LED1
Added Net: Name=USER_LED2
Added Net: Name=USER_LED3
Added Net: Name=USER_LED4
Added Net: Name=USER_LED5
Added Net: Name=USER_LED6
Added Net: Name=USER_LED7
Added Net: Name=USER_LED8
Added Pin To Net: NetName=VCC1P2 Pin=C18-2
Added Pin To Net: NetName=VCC1P2 Pin=C20-2
Added Pin To Net: NetName=VCC1P2 Pin=C22-2
Added Pin To Net: NetName=VCC1P2 Pin=C24-2
Added Pin To Net: NetName=VCC1P2 Pin=C25-2
Added Pin To Net: NetName=VCC1P2 Pin=C27-2
Added Pin To Net: NetName=VCC1P2 Pin=C29-2
Added Pin To Net: NetName=VCC1P2 Pin=C31-2
Added Pin To Net: NetName=VCC1P2 Pin=C33-2
Added Pin To Net: NetName=VCC1P2 Pin=L1-2
Added Pin To Net: NetName=VCC1P2 Pin=L4-2
Added Pin To Net: NetName=VCC1P2 Pin=L5-2
Added Net: Name=VCC1P2
Added Pin To Net: NetName=VCC1P8 Pin=C79-2
Added Pin To Net: NetName=VCC1P8 Pin=C82-2
Added Pin To Net: NetName=VCC1P8 Pin=C85-2
Added Pin To Net: NetName=VCC1P8 Pin=R37-1
Added Net: Name=VCC1P8
Added Pin To Net: NetName=VCC2P5 Pin=L2-2
Added Pin To Net: NetName=VCC2P5 Pin=R5-2
Added Pin To Net: NetName=VCC2P5 Pin=R6-2
Added Pin To Net: NetName=VCC2P5 Pin=R7-2
Added Pin To Net: NetName=VCC2P5 Pin=R8-2
Added Pin To Net: NetName=VCC2P5 Pin=R9-2
Added Pin To Net: NetName=VCC2P5 Pin=R10-2
Added Pin To Net: NetName=VCC2P5 Pin=R11-2
Added Pin To Net: NetName=VCC2P5 Pin=R12-2
Added Pin To Net: NetName=VCC2P5 Pin=R39-1
Added Net: Name=VCC2P5
Added Pin To Net: NetName=VCC3P3 Pin=C1-2
Added Pin To Net: NetName=VCC3P3 Pin=C2-2
Added Pin To Net: NetName=VCC3P3 Pin=C3-2
Added Pin To Net: NetName=VCC3P3 Pin=C4-2
Added Pin To Net: NetName=VCC3P3 Pin=C6-2
Added Pin To Net: NetName=VCC3P3 Pin=C7-2
Added Pin To Net: NetName=VCC3P3 Pin=C8-2
Added Pin To Net: NetName=VCC3P3 Pin=C9-2
Added Pin To Net: NetName=VCC3P3 Pin=C11-2
Added Pin To Net: NetName=VCC3P3 Pin=C14-2
Added Pin To Net: NetName=VCC3P3 Pin=C19-2
Added Pin To Net: NetName=VCC3P3 Pin=C21-2
Added Pin To Net: NetName=VCC3P3 Pin=C23-2
Added Pin To Net: NetName=VCC3P3 Pin=C64-2
Added Pin To Net: NetName=VCC3P3 Pin=C90-2
Added Pin To Net: NetName=VCC3P3 Pin=R1-2
Added Pin To Net: NetName=VCC3P3 Pin=R2-2
Added Pin To Net: NetName=VCC3P3 Pin=R4-2
Added Pin To Net: NetName=VCC3P3 Pin=R13-2
Added Pin To Net: NetName=VCC3P3 Pin=R14-1
Added Pin To Net: NetName=VCC3P3 Pin=R22-2
Added Pin To Net: NetName=VCC3P3 Pin=R23-2
Added Pin To Net: NetName=VCC3P3 Pin=R24-2
Added Pin To Net: NetName=VCC3P3 Pin=R25-2
Added Pin To Net: NetName=VCC3P3 Pin=R28-1
Added Pin To Net: NetName=VCC3P3 Pin=R31-2
Added Pin To Net: NetName=VCC3P3 Pin=R35-2
Added Pin To Net: NetName=VCC3P3 Pin=R36-2
Added Pin To Net: NetName=VCC3P3 Pin=R42-2
Added Pin To Net: NetName=VCC3P3 Pin=R65-2
Added Pin To Net: NetName=VCC3P3 Pin=R66-2
Added Net: Name=VCC3P3
Added Pin To Net: NetName=VCC5P0 Pin=C41-2
Added Pin To Net: NetName=VCC5P0 Pin=C44-2
Added Pin To Net: NetName=VCC5P0 Pin=C66-2
Added Pin To Net: NetName=VCC5P0 Pin=C67-2
Added Pin To Net: NetName=VCC5P0 Pin=C91-2
Added Pin To Net: NetName=VCC5P0 Pin=C92-2
Added Pin To Net: NetName=VCC5P0 Pin=C93-2
Added Pin To Net: NetName=VCC5P0 Pin=C94-2
Added Pin To Net: NetName=VCC5P0 Pin=C95-2
Added Pin To Net: NetName=VCC5P0 Pin=L6-1
Added Pin To Net: NetName=VCC5P0 Pin=R29-1
Added Pin To Net: NetName=VCC5P0 Pin=R30-1
Added Pin To Net: NetName=VCC5P0 Pin=R33-1
Added Pin To Net: NetName=VCC5P0 Pin=R34-1
Added Net: Name=VCC5P0
Added Net: Name=VCC_USB_5P0
Added Pin To Net: NetName=VCCIO_power Pin=C39-2
Added Pin To Net: NetName=VCCIO_power Pin=C42-2
Added Pin To Net: NetName=VCCIO_power Pin=C43-2
Added Pin To Net: NetName=VCCIO_power Pin=C45-2
Added Pin To Net: NetName=VCCIO_power Pin=C46-2
Added Pin To Net: NetName=VCCIO_power Pin=C48-2
Added Pin To Net: NetName=VCCIO_power Pin=C49-2
Added Pin To Net: NetName=VCCIO_power Pin=C51-2
Added Pin To Net: NetName=VCCIO_power Pin=C52-2
Added Pin To Net: NetName=VCCIO_power Pin=C54-2
Added Pin To Net: NetName=VCCIO_power Pin=C55-2
Added Pin To Net: NetName=VCCIO_power Pin=C57-2
Added Pin To Net: NetName=VCCIO_power Pin=C58-2
Added Pin To Net: NetName=VCCIO_power Pin=C60-2
Added Pin To Net: NetName=VCCIO_power Pin=C62-2
Added Pin To Net: NetName=VCCIO_power Pin=C78-2
Added Pin To Net: NetName=VCCIO_power Pin=C81-2
Added Pin To Net: NetName=VCCIO_power Pin=C84-2
Added Pin To Net: NetName=VCCIO_power Pin=C87-2
Added Pin To Net: NetName=VCCIO_power Pin=R17-2
Added Pin To Net: NetName=VCCIO_power Pin=R18-2
Added Pin To Net: NetName=VCCIO_power Pin=R19-2
Added Pin To Net: NetName=VCCIO_power Pin=R20-2
Added Pin To Net: NetName=VCCIO_power Pin=R63-2
Added Pin To Net: NetName=VCCIO_power Pin=R64-2
Added Pin To Net: NetName=VCCIO_power Pin=R72-1
Added Net: Name=VCCIO_power
Added Pin To Net: NetName=VCCIO_sdram Pin=C47-2
Added Pin To Net: NetName=VCCIO_sdram Pin=C50-2
Added Pin To Net: NetName=VCCIO_sdram Pin=C53-2
Added Pin To Net: NetName=VCCIO_sdram Pin=C56-2
Added Pin To Net: NetName=VCCIO_sdram Pin=C59-2
Added Pin To Net: NetName=VCCIO_sdram Pin=C61-2
Added Pin To Net: NetName=VCCIO_sdram Pin=C63-2
Added Pin To Net: NetName=VCCIO_sdram Pin=R3-2
Added Net: Name=VCCIO_sdram
Added Pin To Net: NetName=Vz Pin=L3-2
Added Pin To Net: NetName=Vz Pin=R26-2
Added Pin To Net: NetName=Vz Pin=R28-2
Added Net: Name=Vz
Added Class: Name=01
Added Class: Name=02
Added Room: Name=01
Added Room: Name=02
